[    0.000000] Initializing cgroup subsys cpuset
[    0.000000] Initializing cgroup subsys cpu
[    0.000000] Initializing cgroup subsys cpuacct
[    0.000000] Linux version 4.4.0-159-generic (buildd@lgw01-amd64-042) (gcc version 5.4.0 20160609 (Ubuntu 5.4.0-6ubuntu1~16.04.10) ) #187-Ubuntu SMP Thu Aug 1 16:28:06 UTC 2019 (Ubuntu 4.4.0-159.187-generic 4.4.185)
[    0.000000] Command line: BOOT_IMAGE=/boot/vmlinuz-4.4.0-159-generic root=LABEL=cloudimg-rootfs ro console=tty1 console=ttyS0
[    0.000000] KERNEL supported cpus:
[    0.000000]   Intel GenuineIntel
[    0.000000]   AMD AuthenticAMD
[    0.000000]   Centaur CentaurHauls
[    0.000000] x86/fpu: Legacy x87 FPU detected.
[    0.000000] e820: BIOS-provided physical RAM map:
[    0.000000] BIOS-e820: [mem 0x0000000000000000-0x000000000009fbff] usable
[    0.000000] BIOS-e820: [mem 0x000000000009fc00-0x000000000009ffff] reserved
[    0.000000] BIOS-e820: [mem 0x00000000000f0000-0x00000000000fffff] reserved
[    0.000000] BIOS-e820: [mem 0x0000000000100000-0x000000003ffeffff] usable
[    0.000000] BIOS-e820: [mem 0x000000003fff0000-0x000000003fffffff] ACPI data
[    0.000000] BIOS-e820: [mem 0x000000fec00000-0x00000000fec00fff] reserved
[    0.00000] BIOS-e820: [mem 0x00000000fee00000-0x00000000fee00fff] reserved
[    0.000000] BIOS-e820: [mem 0x00000000fffc0000-0x00000000ffffffff] reserved
[    0.000000] NX (Execute Disable) protection: active
[    0.000000] SMBIOS 2.5 present.
[    0.000000] Hypervisor detected: KVM
[    0.000000] e820: last_pfn = 0x3fff0 max_arch_pfn = 0x400000000
[    0.000000] MTRR: Disabled
[    0.000000] x86/PAT: MTRRs disabled, skipping PAT initialization too.
[    0.000000] CPU MTRRs all blank - virtualized sstem.
[    0.000000] x86/PAT: Configuration [0-7]: WB  WT  UC- UC  WB  WT  UC- UC  
[    0.000000] found SMP MP-table at [mem 0x0009fff0-0x0009ffff] mapped at [ffff88000009fff0]
[    0.000000] Scanning 1 areas for low memory corruption
[    0.000000] RAMDISK: [mem 0x362f8000-x37173fff]
[    0.000000] ACPI: Early table checksum verification disabled
[    0.000000] ACPI: RSDP 0x00000000000E0000 000024 (v02 VBOX  )
[    0.000000] ACPI: XSDT 0x000000003FFF0030 00003C (v01 VBOX   VBOXXSDT 00000001 ASL  00000061)
[    0.000000] ACPI: FACP 0x000000003FFF00F0 0000F4 (v04 VBOX   VBOXFACP 00000001 ASL  00000061)
[    0.000000] ACPI: DSDT 0x000000003FFF0470 0021FF (v02 VBOX   VBOXBIOS 00000002 INTL 20180105)
[    0.000000] ACPI: FACS 0x000000003FFF0200 000040
[    0.000000] ACPI: FACS 0x000000003FFF0200 000040
[    0.000000] ACPI: APIC 0x000000003FFF0240 00005C (v02 VBOX   VBOXAPIC 00000001 ASL  00000061)
[    0.000000] ACPI: SSDT 0x000000003FFF02A0 0001CC (v01 VBOX   VBOXCPUT 00000002 INTL 20180105)
[    0.000000] No NUMA configuration found
[    0.000000] Faking a node at [mem 0x0000000000000000-0x000000003ffeffff]
[    0.000000] NODE_DATA(0) allocated [mem 0x3ffeb00-0x3ffeffff]
[    0.000000] kvm-clock: Using msrs 4b564d01 and 4b564d00
[    0.000000] kvm-clock: cpu 0, msr 0:3ffe3001, primary cpu clock
[    0.000000] kvm-clock: using sched offset of 5338465288 cycles
[    0.000000] clocksource: kvm-clock: mask: 0xffffffffffffffff max_cycles: 0x1cd42e4dffb, max_idle_ns: 881590591483 ns
[    0.000000] Zone ranges:
[    0.000000]   DMA      [mem 0x0000000000001000-0x0000000000ffffff]
[    0.000000]   DMA32    [mem 0x0000000001000000-0x000000003ffeffff]
[    0.000000]   Normal   empty
[    0.000000]   Device   empty
[    0.000000] Movable zone start for each node
[    0.000000] Early memory node ranges
[    0.000000]   node   0: [mem 0x0000000000001000-0x000000000009efff]
[    0.000000]   node   0: [mem 0x0000000000100000-0x000000003ffeffff]
[    0.000000] Initmem setup node 0 [mem 0x0000000000001000-0x000000003ffeffff]
[    0.000000] ACPI: PM-Timer IO Port: 0x4008
[    0.000000] IOAPIC[0]: apic_id 2, version 32, address 0xfec00000, GSI 0-23
[    0.000000] ACPI: INT_SRC_OVR (bus 0 bus_irq 0 global_irq 2 dfl dfl)
[    0.000000] ACPI: INT_SRC_OVR (bus 0 bus_irq 9 global_irq 9 low level)
[    0.000000] Using ACPI (MADT) for SMP configuration information
[    0.000000] smpboot: Allowing 2 CPUs, 0 hotplug CPUs
[    0.000000] PM: Registered nosave memory: [mem 0x00000000-0x00000fff]
[    0.000000] PM: Registered nosave memory: [mem 0x0009f000-0x0009ffff]
[    0.000000] PM: Ristered nosave memory:[mem 0x000a0000-0x000effff]
[    0.000000] PM: Registered nosave memory: [mem 0x000f0000-0x000fffff]
[    0.000000] e820: [mem 0x40000000-0xfebfffff] available for PCI devices
[    0.000000] Booting paravirtualized kernel on KVM
[    0.000000] clocksource: refined-jiffies: mask: 0xffffffff max_cycles: 0xffffffff, max_idle_ns: 7645519600211568 ns
[    0.000000] setup_percpu: NR_CPUS:512 nr_cpumask_bits:512 nr_cpu_ids:2 nr_node_ids:1
[    0.000000] PERCPU: Embedded 34 pages/cpu @ffff88003fc00000 s99544 r8192 d31528 u1048576
[    0.000000] Built 1 zonelists in Node order, mobility grouping on.  Total pages: 257912
[    0.000000] Policy zone: DMA32
[    0.000000] Kernel command line: BOOT_IMAGE=/boot/vmlinuz-4.4.0-159-generic root=LABEL=cloudimg-rootfs ro console=tty1 console=ttyS0
[    0.000000] PID hash table entries: 4096 (order: 3, 32768 bytes)
[    0.000000] Memory: 997724K/1048120K available (8618K kernel code, 1335K rwdata, 4032K rodata, 1488K init, 1284K bss, 50396K reserved, 0K cma-reserved)
[    0.000000] SLUB: HWalign=64, Order=0-3, MinObjects=0, CPUs=2, Nodes=1
[    0.000000] Kernel/User page tables isolation: enabled
[    0.000000] Hierarchical RCU implementation.
[    0.000000] 	Build-time adjustment of leaf fanout to 64.
[    0.000000] 	RCU restricting CPUs from NR_CPUS=512 to nr_cpu_ids=2.
[    0.000000] RCU: Adjusting geometry for rcu_fanout_leaf=64, nr_cpu_ids=2
[    0.000000] NR_IRQS:33024 nr_irqs:440 16
[    0.000000] Console: colour VGA+ 80x25
[    0.000000] console [tty1] enabled
[    0.000000] console [ttyS0] enabled
[    0.000000] tsc: Detected 2992.498 MHz processor
[    1.794074] Calibrating delay loop (skipped) preset value.. 5984.99 BogoMIPS (lpj=11969992)
[    1.796981] pid_max: default: 32768 minimum: 301
[    1.798520] ACPI: Core revision 20150930
[    1.801196] ACPI: 2 ACPI AML tables successfully acquired and loaded
[    1.803337] Security Framework initialized
[    1.804766] Yama: becoming mindful.
[    1.806173] AppArmor: AppArmor initialized
[    1.814118] Dentry cache hash table entries: 131072 (order: 8, 1048576 bytes)
[    1.820432] Inode-cache hash table entries: 65536 (order: 7, 524288 bytes)
[    1.890084] Mount-cache hash table entries: 2048 (order: 2, 16384 bytes)
[    1.892067] Mountpoint-cache hash table entries: 2048 (order: 2, 16384 bytes)
[    1.928610] Initializing cgroup subsys io
[    1.947112] Initializing cgroup subsys memory
[    1.948604] Initializing cgroup subsys devices
[    2.001610] Initializing cgroup subsys freezer
[    2.058653] Initializing cgroup subsys net_cls
[    2.060160] Initializing cgroup subsys perf_event
[    2.061738] Initializing cgroup subsys net_prio
[    2.063251] Initializing cgroup subsys hugetlb
[    2.064739] Initializing cgroup subsys pids
[    2.066327] mce: CPU supports 0 MCE banks
[    2.086602] Last level iTLB entries: 4KB 128, 2MB 4, 4MB 4
[    2.145899] Last level dTLB entries: 4KB 256, 2MB 0, 4MB 32, 1GB 0
[    2.157712] Spectre V1 : Mitigation: usercopy/swapgs barriers and __user pointer sanitization
[    2.295389] Spectre V2 : Mitigation: Full generic retpoline
[    2.370812] Spectre V2 : Spectre v2 / SpectreRSB mitigation: Filling RSB on context switch
[    2.373638] Speculative Store Bypass: Vulnerable
[    2.375958] MDS: Vulnerable: Clear CPU buffers attempted, no microcode
[    2.402647] Freeing SMP alternatives memory: 36K
[    2.411730] ftrace: allocating 32318 entries in 127 pages
[    2.481582] smpboot: APIC(0) Converting physical 0 to logical package 0
[    2.548070] smpboot: Max logical packages: 1
[    2.595269] x2apic enabled
[    2.615141] Switched APIC routing to physical x2apic.
[    2.619255] ..TIMER: vector=0x30 apic1=0 pin1=2 apic2=-1 pin2=-1
[    2.801222] smpboot: CPU0: Intel(R) Core(TM)2 Duo CPU     E8400  @ 3.00GHz (family: 0x6, model: 0x17, stepping: 0xa)
[    2.804780] Performance Events: unsupported p6 CPU model 23 no PMU driver, software events only.
[    2.907525] KVM setup paravirtual spinlock
[    2.910589] x86: Booting SMP configuration:
[    2.912020] .... node  #0, CPUs:      #1
[    2.913418] kvm-clock: cpu 1, msr 0:3ffe3041, secondary cpu clock
[    2.926897] mce: CPU supports 0 MCE banks
[    2.930066] x86: Booted up 1 node, 2 CPUs
[    2.931947] smpboot: Total of 2 processors activated (11969.99 BogoMIPS)
[    2.934540] devtmpfs: initialized
[    2.938250] evm: security.selinux
[    2.939502] evm: security.SMACK64
[    2.940761] evm: security.SMACK64EXEC
[    2.950571] evm: security.SMACK64TRANSMUTE
[    2.951988] evm: security.SMACK64MMAP
[    2.953322] evm: security.ima
[    2.954512] evm: security.capability
[    2.956011] clocksource: jiffies: mask: 0xffffffff max_cycles: 0xffffffff, max_idle_ns: 7645041785100000 ns
[    2.959188] futex hash table entries: 512 (order: 3, 32768 bytes)
[    2.961251] pinctrl core: initialized pinctrl subsystem
[    2.963102] RTC time: 15:41:56, date: 08/23/19
[    2.965006] NET: Registered protocol family 16
[    2.975188] cpuidle: using governor ladder
[    2.989696] cpuidle: using governor menu
[    2.991152] PCCT header not found.
[    2.992470] ACPI: bus type PCI registered
[    2.993896] acpiphp: ACPI Hot Plug PCI Controller Driver version: 0.5
[    2.995942] PCI: Using configuration type 1 for base access
[    3.013712] ACPI: Added _OSI(Module Device)
[    3.015150] ACPI: Added _OSI(Processor Device)
[    3.016642] ACPI: Added _OSI(3.0 _SCP Extensions)
[    3.075440] ACPI: Added _OSI(Processor Aggregator Device)
[    3.143822] ACPI: Executed 1 blocks of module-level executable AML code
[    3.148406] ACPI: Interpreter enabled
[    3.149757] ACPI: (supports S0 S5)
[    3.151023] ACPI: Using IOAPIC for interrupt routing
[    3.152816] PCI: Using host bridge windows from ACPI; if necessary, use "pci=nocrs" and report a bug
[    3.202926] ACPI: PCI Root Bridge [PCI0] (domain 0000 [bus 00-ff])
[    3.204798] acpi PNP0A03:00: _OSC: OS supports [ASPM ClockPM Segments MSI]
[    3.214453] acpi PNP0A03:00: _OSC: not requesting OS control; OS requires [ExtendedConfig ASPM ClockPM MSI]
[    3.217581] acpi PNP0A03:00: fail to add MMCONFIG information, can't access extended PCI configuration space under this bridge.
[    3.284834] PCI host bridge to bus 0000:00
[    3.286277] pci_bus 0000:00: root bus resource [io  0x0000-0x0cf7 window]
[    3.347292] pci_bus 0000:00: root bus resource [io  0x0d00-0xffff window]
[    3.349290] pci_bus 0000:00: root bus resource [mem 0x000a0000-0x000bffff window]
[    3.415706] pci_bus 0000:00: root bus resource [mem 0x40000000-0xfdffffff window]
[    3.430609] pci_bus 0000:00: root bus resource [bus 00-ff]
[    3.446187] pci 0000:00:01.1: legacy IDE quirk: reg 0x10: [io  0x01f0-0x01f7]
[    3.463267] pci 0000:00:01.1: legacy IDE quirk: reg 0x14: [io  0x03f6]
[    3.465199] pci 0000:00:01.1: legacy IDE quirk: reg 0x18: [io  0x0170-0x0177]
[    3.507587] pci 0000:00:01.1: legacy IDE quirk: reg 0x1c: [io  0x0376]
[    3.626487] pci 0000:00:07.0: quirk: [io  0x4000-0x403f] claimed by PIIX4 ACPI
[    3.635953] pci 0000:00:07.0: quirk: [io  0x4100-0x410f] claimed by PIIX4 SMB
[    3.667797] ACPI: PCI Interrupt Link [LNKA] (IRQs 5 9 10 *11)
[    3.727809] ACPI: PCI Interrupt Link [LNKB] (IRQs 5 9 *10 11)
[    3.736311] ACPI: PCI Interrupt Link [LNKC] (IRQs 5 *9 10 11)
[    3.794479] ACPI: PCI Interrupt Link [LNKD] (IRQs 5 9 10 *11)
[    3.797054] ACPI: Enabled 2 GPEs in block 00 to 07
[    3.823840] vgaarb: setting as boot device: PCI:0000:00:02.0
[    3.825608] vgaarb: device added: PCI:0000:00:02.0,decodes=io+mem,owns=io+mem,locks=none
[    3.926044] vgaarb: loaded
[    3.927184] vgaarb: bridge control possible 0000:00:02.0
[    3.988055] SCSI subsystem initialized
[    3.989895] ACPI: bus type USB registered
[    3.991355] usbcore: registered new interface driver usbfs
[    4.002384] usbcore: registered new interface driver hub
[    4.055818] usbcore: registered new device driver usb
[    4.057979] PCI: Using ACPI for IRQ routing
[    4.060103] NetLabel: Initializing
[    4.061383] NetLabel:  domain hash size = 128
[    4.083216] NetLabel:  protocols = UNLABELED CIPSOv4
[    4.084856] NetLabel:  unlabeled traffic allowed by default
[    4.087020] amd_nb: Cannot enumerate AMD northbridges
[    4.162897] clocksource: Switched to clocksource kvm-clock
[    4.280941] AppArmor: AppArmor Filesystem Enabled
[    4.289506] pnp: PnP ACPI init
[    4.291780] pnp: PnP ACPI: found 3 devices
[    4.304838] clocksource: acpi_pm: mask: 0xffffff max_cycles: 0xffffff, max_idle_ns: 2085701024 ns
[    4.307991] NET: Registered protocol family 2
[    4.310056] TCP established hash table entries: 8192 (order: 4, 65536 bytes)
[    4.312316] TCP bind hash table entries: 8192 (order: 5, 131072 bytes)
[    4.314421] TCP: Hash tables configured (established 8192 bind 8192)
[    4.316500] UDP hash table entries: 512 (order: 2, 16384 bytes)
[    418449] UDP-Lite hash table entries: 512 (order: 2, 16384 bytes)
[    4.381843] NET: Registered protocol family 1
[    4.383434] pci 0000:00:00.0: Limiting direct PCI/PCI transfers
[    4.385354] pci 0000:00:01.0: Activating ISA DMA hang workarounds
[    4.387561] Unpacking initramfs...

[    4.648059] Freeing initrd memory: 14832K
[    4.656216] clocksource: tsc: mask: 0xffffffffffffffff max_cycles: 0x2b2296bc2b9, max_idle_ns: 440795321505 ns
[    4.661815] platform rtc_cmos: registered platform RTC device (no PNP device found)
[    4.664718] Scanning for low memory corruption every 60 seconds
[    4.672474] audit: initializing netlink subsys (disabled)
[    4.674303] audit: type=2000 audit(1566574921.217:1): initialized
[    4.676697] Initialise system trusted keyring
[    4.686065] HugeTLB registered 2 MB page size, pre-allocated 0 pages
[    4.691246] zbud: loaded
[    4.692802] VFS: Disk quotas dquot_6.6.0
[    4.699658] VFS: Dquot-cache hash table entries: 512 (order 0, 4096 bytes)
[    4.702140] squashfs: version 4.0 (2009/01/31) Phillip Lougher
[    4.704507] fuse init (API version 7.23)
[    4.706217] Key type big_key registered
[    4.727619] Allocating A MOK and blacklist keyring

[    4.883121] Key type asymmetric registered
[    4.884620] Asymmetric key parser 'x509' registered
[    4.886357] Block layer SCSI generic (bsg) driver version 0.4 loaded (major 249)
[    4.968396] io scheduler noop registered
[    4.969790] io scheduler deadline registered (default)
[    4.971512] io scheduler cfq registered
[    4.973040] pci_hotplug: PCI Hot Plug PCI Core version: 0.5
[    5.057389] pciehp: PCI Express Hot Plug Controller Driver version: 0.4
[    5.059550] ACPI: AC Adapter [AC] (on-line)
[    5.061066] input: Power Button as /devices/LNXSYSTM:00/LNXPWRBN:00/input/input0
[    5.063719] ACPI: Power Button [PWRF]
[    5.065131] input: Sleep Button as /devices/LNXSYSTM:00/LNXSLPBN:00/input/input1
[    5.067751] ACPI: Sleep Button [SLPF]
[    5.069357] GHES: HEST is not enabled!
[    5.070985] Serial: 8250/16550 driver, 32 ports, IRQ sharing enabled
[    5.148934] 00:02: ttyS0 at I/O 0x3f8 (irq = 4, base_baud = 115200) is a 16550A
[    5.155441] Linux agpgart interface v0.103
[    5.159926] loop: module loaded
[    5.162214] scsi host0: ata_piix
[    5.163795] scsi host1: ata_piix
[    5.165153] ata1: PATA max UDMA/33 cmd 0x1f0 ctl 0x3f6 bmdma 0xd000 irq 14
[    5.172623] ata2: PATA max UDMA/33 cmd 0x170 ctl 0x376 bmdma 0xd008 irq 15
[    5.174869] libphy: Fixed MDIO Bus: probed
[    5.176455] tun: Universal TUN/TAP device driver, 1.6
[    5.178165] tun: (C) 1999-2004 Max Krasnyansky <maxk@qualcomm.com>
[    5.180273] PPP generic driver version 2.4.2
[    5.181970] ehci_hcd: USB 2.0 'Enhanced' Host Controller (EHCI) Driver
[    5.184042] ehci-pci: EHCI PCI platform driver
[    5.185641] ehci-platform: EHCI generic platform driver
[    5.187411] ohci_hcd: USB 1.1 'Open' Host Controller (OHCI) Driver
[    5.192401] ohci-pci: OHCI PCI platform driver
[    5.193999] ohci-platform: OHCI generic platform driver
[    5.233597] uhci_hcd: USB Universal Host Controller Interface driver
[    5.235700] i8042: PNP: PS/2 Controller [PNP0303:PS2K,PNP0f03:PS2M] at 0x60,0x64 irq 1,12
[    5.246829] serio: i8042 KBD port at 0x60,0x64 irq 1
[    5.253720] serio: i8042 AUX port at 0x60,0x64 irq 12
[    5.255730] mousedev: PS/2 mouse device common for all mice
[    5.258127] input: AT Translated Set 2 keyboard as /devices/platform/i8042/serio0/input/input2
[    5.263309] rtc_cmos rtc_cmos: rtc core: registered rtc_cmos as rtc0
[    5.263418] rtc_cmos rtc_cmos: alarms up to one day, 114 bytes nvram
[    5.263425] i2c /dev entries driver
[    5.263501] device-mapper: uevent: version 1.0.3
[    5.263584] device-mapper: ioctl: 4.34.0-ioctl (2015-10-28) initialised: dm-devel@redhat.com
[    5.263616] ledtrig-cpu: registered to indicate activity on CPUs
[    5.264060] NET: Registered protocol family 10
[    5.264455] NET: Registered protocol family 17
[    5.264475] Key type dns_resolver registered
[    5.264840] registered taskstats version 1
[    5.264870] Loading compiled-in X.509 certificates
[    5.265882] Loaded X.509 cert 'Build time autogenerated kernel key: d14182f9795b80ec340f636a5a08bf5817ccd8e7'
[    5.265905] zswap: loaded using pool lzo/zbud
[    5.281613] Key type trusted registered
[    5.314342] Key type encrypted registered
[    5.314353] AppArmor: AppArmor sha1 policy hashing enabled
[    5.314370] ima: No TPM chip found, activating TPM-bypass!
[    5.314376] ima: Allocated hash algorithm: sha1
[    5.314408] evm: HMAC attrs: 0x1
[    5.314768]   Magic number: 15:464:690
[    5.314811] mem mem: hash matches
[    5.315903] rtc_cmos rtc_cmos: setting system clock to 2019-08-23 15:41:58 UTC (1566574918)
[    5.316074] BIOS EDD facility v0.16 2004-Jun-25, 0 devices found
[    5.316075] EDD information not available.
[    5.348492] Freeing unused kernel memory: 1488K
[    5.358948] Write protecting the kernel read-only data: 14336k
[    5.374365] Freeing unused kernel memory: 1608K
[    5.376284] Freeing unused kernel memory: 64K
Loading, please wait...
starting version 229
[    5.518002] random: systemd-udevd: uninitialized urandom read (16 bytes read, 2 bits of entropy available)
[    5.524524] random: systemd-udevd: uninitialized urandom read (16 bytes read, 2 bits of entropy available)
[    5.528228] random: udevadm: uninitialized urandom read (16 bytes read, 2 bits of entropy available)
[    5.528407] random: udevadm: uninitialized urandom read (16 bytes read, 2 bits of entropy available)
[    5.539817] random: systemd-udevd: uninitialized urandom read (16 bytes read, 2 bits of entropy available)
[    5.544878] random: systemd-udevd: uninitialized urandom read (16 bytes read, 2 bits of entropy available)
[    5.578519] random: systemd-udevd: uninitialized urandom read (16 bytes read, 2 bits of entropy available)
[    5.583556] random: systemd-udevd: uninitialized urandom read (16 bytes read, 2 bits of entropy available)
[    5.588489] random: systemd-udevd: uninitialized urandom read (16 bytes read, 2 bits of entropy available)
[    5.597948] random: systemd-udevd: uninitialized urandom read (16 bytes read, 2 bits of entropy available)
[    5.896924] Fusion MPT base driver 3.04.20
[    5.926447] Copyright (c) 1999-2008 LSI Corporation
[    5.954780] e1000: Intel(R) PRO/1000 Network Driver - version 7.3.21-k8-NAPI
[    5.958245] e1000: Copyright (c) 1999-2006 Intel Corporation.
[    6.094558] Fusion MPT SPI Host driver 3.04.20
[    6.200141] input: ImExPS/2 Generic Explorer Mouse as /devices/platform/i8042/serio1/input/input4
[    6.522689] e1000 0000:00:03.0 eth0: (PCI:33MHz:32-bit) 02:6a:5b:40:72:6f
[    6.525115] e1000 0000:00:03.0 eth0: Intel(R) PRO/1000 Network Connection
[    6.528969] mptbase: ioc0: Initiating bringup
[    6.532593] e1000 0000:00:03.0 enp0s3: renamed from eth0
[    6.607255] ioc0: LSI53C1030 A0: Capabilities={Initiator}
[    8.598325] scsi host2: ioc0: LSI53C1030 A0, FwRev=00000000h, Ports=1, MaxQ=256, IRQ=20
[    9.691389] scsi 2:0:0:0: Direct-Access     VBOX     HARDDISK         1.0  PQ: 0 ANSI: 5
[    9.694505] scsi target2:0:0: Beginning Domain Validation
[    9.729374] scsi target2:0:0: Domain Validation skipping write tests
[    9.731312] scsi target2:0:0: Ending Domain Validation
[    9.738506] scsi target2:0:0: asynchronous
[    9.740673] scsi 2:0:1:0: Direct-Access     VBOX     HARDDISK         1.0  PQ: 0 ANSI: 5
[    9.743475] scsi target2:0:1: Beginning Domain Validation
[    9.746724] scsi target2:0:1: Domain Validation skipping write tests
[    9.748688] scsi target2:0:1: Ending Domain Validation
[    9.750439] scsi target2:0:1: asynchronous
[    9.758368] sd 2:0:0:0: [sda] 20971520 512-byte logical blocks: (10.7 GB/10.0 GiB)
[    9.769484] sd 2:0:0:0: Attached scsi generic sg0 type 0
[    9.778753] sd 2:0:0:0: [sda] Write Protect is off
[    9.781613] sd 2:0:1:0: [sdb] 20480 512-byte logical blocks: (10.5 MB/10.0 MiB)
[    9.782961] sd 2:0:1:0: Attached scsi generic sg1 type 0
[    9.787084] sd 2:0:0:0: [sda] Incomplete mode parameter data
[    9.812399] sd 2:0:0:0: [sda] Assuming drive cache: write through
[    9.812510] sd 2:0:1:0: [sdb] Write Protect is off
[    9.812624] sd 2:0:1:0: [sdb] Incomplete mode parameter data
[    9.812625] sd 2:0:1:0: [sdb] Assuming drive cache: write through
[    9.861690]  sda: sda1
[    9.866222] sd 2:0:1:0: [sdb] Attached SCSI disk
[    9.890208] sd 2:0:0:0: [sda] Attached SCSI disk
Begin: Loading essential drivers ... [   12.259035] md: linear personality registered for level -1
[   12.289904] md: multipath personality registered for level -4
[   12.315142] md: raid0 personality registered for level 0
[   12.341510] md: raid1 personality registered for level 1
[   12.438938] raid6: sse2x1   gen()  4708 MB/s
[   12.513332] raid6: sse2x1   xor()  4872 MB/s
[   12.654929] raid6: sse2x2   gen()  6033 MB/s
[   12.722909] raid6: sse2x2   xor()  6039 MB/s
[   12.790891] raid6: sse2x4   gen()  8642 MB/s
[   12.858909] raid6: sse2x4   xor()  6870 MB/s
[   12.860359] raid6: using algorithm sse2x4 gen() 8642 MB/s
[   12.862055] raid6: .... xor() 6870 MB/s, rmw enabled
[   12.863663] raid6: using ssse3x2 recovery algorithm
[   12.870222] xor: measuring software checksum speed
[   12.936849]    prefetch64-sse: 29685.000 MB/sec
[   13.006751]    generic_sse: 25031.000 MB/sec
[   13.008355] xor: using function: prefetch64-sse (29685.000 MB/sec)
[   13.016154] async_tx: api initialized (async)
[   13.051210] md: raid6 personality registered for level 6
[   13.078482] md: raid5 personality registered for level 5
[   13.080306] md: raid4 personality registered for level 4
[   13.148013] md: raid10 personality registered for level 10
done.
Begin: Running /scripts/init-premount ... done.
Begin: Mounting root file system ... Begin: Running /scripts/local-top ... done.
Begin: Running /scripts/local-premount ... [   13.303498] Btrfs loaded
Scanning for Btrfs filesystems
done.
Warning: fsck not present, so skipping root file system
[   13.535600] EXT4-fs (sda1): mounted filesystem with ordered data mode. Opts: (null)
done.
Begin: Running /scripts/local-bottom ... done.
Begin: Running /scripts/init-bottom ... done.
[   14.360287] systemd[1]: systemd 229 running in system mode. (+PAM +AUDIT +SELINUX +IMA +APPARMOR +SMACK +SYSVINIT +UTMP +LIBCRYPTSETUP +GCRYPT +GNUTLS +ACL +XZ -LZ4 +SECCOMP +BLKID +ELFUTILS +KMOD -IDN)
[   14.372565] systemd[1]: Detected virtualization oracle.
[   14.374373] systemd[1]: Detected architecture x86-64.

Welcome to [1mUbuntu 16.04.6 LTS[0m!

[   14.439636] systemd[1]: Set hostname to <ubuntu>.
[   14.459051] systemd[1]: Initializing machine ID from random generator.
[   14.468926] systemd[1]: Installed transient /etc/machine-id file.
[   14.717146] random: nonblocking pool is initialized
[   15.556102] systemd[1]: Started Forward Password Requests to Wall Directory Watch.
[[0;32m  OK  [0m] Started Forward Password Requests to Wall Directory Watch.
[   15.575882] systemd[1]: Listening on Journal Audit Socket.
[[0;32m  OK  [0m] Listening on Journal Audit Socket.
[   15.581681] systemd[1]: Created slice System Slice.
[[0;32m  OK  [0m] Created slice System Slice.
[   15.584942] systemd[1]: Listening on Journal Socket (/dev/log).
[[0;32m  OK  [0m] Listening on Journal Socket (/dev/log).
[   15.588334] systemd[1]: Reached target System Time Synchronized.
[[0;32m  OK  [0m] Reached target System Time Synchronized.
[   15.592873] systemd[1]: Reached target Encrypted Volumes.
[[0;32m  OK  [0m] Reached target Encrypted Volumes.
[   15.597382] systemd[1]: Started Trigger resolvconf update for networkd DNS.
[[0;32m  OK  [0m] Started Trigger resolvconf update for networkd DNS.
[   15.607295] systemd[1]: Listening on /dev/initctl Compatibility Named Pipe.
[[0;32m  OK  [0m] Listening on /dev/initctl Compatibility Named Pipe.
[   15.619486] systemd[1]: Listening on LVM2 poll daemon socket.
[[0;32m  OK  [0m] Listening on LVM2 poll daemon socket.
[   15.661310] systemd[1]: Reached target User and Group Name Lookups.
[[0;32m  OK  [0m] Reached target User and Group Name Lookups.
[   15.703771] systemd[1]: Set up automount Arbitrary Executable File Formats File System Automount Point.
[[0;32m  OK  [0m] Set up automount Arbitrary Executab...ats File System Automount Point.
[   15.790564] systemd[1]: Created slice User and Session Slice.
[[0;32m  OK  [0m] Created slice User and Session Slice.
[   15.860999] systemd[1]: Reached target Swap.
[[0;32m  OK  [0m] Reached target Swap.
[   15.903328] systemd[1]: Reached target Slices.
[[0;32m  OK  [0m] Reached target Slices.
[   15.931395] systemd[1]: Listening on LVM2 metadata daemon socket.
[[0;32m  OK  [0m] Listening on LVM2 metadata daemon socket.
[   15.936220] systemd[1]: Listening on Device-mapper event daemon FIFOs.
[[0;32m  OK  [0m] Listening on Device-mapper event daemon FIFOs.
[   15.959427] systemd[1]: Listening on udev Control Socket.
[[0;32m  OK  [0m] Listening on udev Control Socket.
[   15.981945] systemd[1]: Listening on Syslog Socket.
[[0;32m  OK  [0m] Listening on Syslog Socket.
[   16.023774] systemd[1]: Listening on Journal Socket.
[[0;32m  OK  [0m] Listening on Journal Socket.
[   16.085492] systemd[1]: Starting Set console keymap...
         Starting Set console keymap...
[   16.117046] systemd[1]: Mounting Huge Pages File System...
         Mounting Huge Pages File System...
[   16.143248] systemd[1]: Starting Uncomplicated firewall...
         Starting Uncomplicated firewall...
[   16.195516] systemd[1]: Starting Create list of required static device nodes for the current kernel...
         Starting Create list of required st... nodes for the current kernel...
[   16.267368] systemd[1]: Starting Load Kernel Modules...
         Starting Load Kernel Modules...
[   16.323430] systemd[1]: Mounting Debug File System...
         Mounting Debug File System...
[   16.354126] systemd[1]: Starting Monitoring of LVM2 mirrors, snapshots etc. using dmeventd or progress polling...
         Starting Monitoring of LVM2 mirrors... dmeventd or progress polling...
[   16.390061] systemd[1]: Mounting POSIX Message Queue File System...
         Mounting POSIX Message Queue File System...
[   16.441447] Loading iSCSI transport class v2.0-870.
[   16.452390] systemd[1]: Starting Remount Root and Kernel File Systems...
         Starting Remount Root and Kernel File Systems...
[   16.513945] systemd[1]: Starting Nameserver information manager...
         Starting Nameserver information manager...
[   16.547404] iscsi: registered transport (tcp)
[   16.583725] EXT4-fs (sda1): re-mounted. Opts: (null)
[   16.612658] systemd[1]: Starting Journal Service...
         Starting Journal Service...
[   16.639620] systemd[1]: Listening on udev Kernel Socket.
[[0;32m  OK  [0m] Listening on udev Kernel Socket.
[   16.654997] systemd[1]: Created slice system-serial\x2dgetty.slice.
[[0;32m  OK  [0m] Created slice system-serial\x2dgetty.slice.
[   16.705821] systemd[1]: Mounted Huge Pages File System.
[[0;32m  OK  [0m] Mounted Huge Pages File System.
[   16.724044] systemd[1]: Mounted POSIX Message Queue File System.
[[0;32m  OK  [0m] Mounted POSIX Message Queue File System.
[   16.755518] systemd[1]: Mounted Debug File System.
[[0;32m  OK  [0m] Mounted Debug File System.
[   16.764023] systemd[1]: Started Set console keymap.
[[0;32m  OK  [[   16.770230] iscsi: registered transport (iser)
0m] Started Set console keymap.
[   16.790371] systemd[1]: Started Uncomplicated firewall.
[[0;32m  OK  [0m] Started Uncomplicated firewall.
[   16.808843] systemd[1]: Started Create list of required static device nodes for the current kernel.
[[0;32m  OK  [0m] Started Create list of required sta...ce nodes for the current kernel.
[   16.825903] systemd[1]: Started Load Kernel Modules.
[[0;32m  OK  [0m] Started Load Kernel Modules.
[   16.838968] systemd[1]: Started Remount Root and Kernel File Systems.
[[0;32m  OK  [0m] Started Remount Root and Kernel File Systems.
[   16.880944] systemd[1]: Started Journal Service.
[[0;32m  OK  [0m] Started Journal Service.
[[0;32m  OK  [0m] Started Nameserver information manager.
[[0;32m  OK  [0m] Started LVM2 metadata daemon.
         Starting udev Coldplug all Devices...
         Starting Load/Save Random Seed...
         Starting Flush Journal to Persistent Storage...
         Mounting FUSE Control File System...
         Starting Apply Kernel Variables...
         Starting Create Static Device Nodes in /dev...
[[0;32m  OK  [0m] Mounted FUSE Control File System.
[[0;32m  OK  [0m] Started Load/Save Random Seed.
[[0;32m  OK  [0m] Started Apply Kernel Variables.
[[0;32m  OK  [0m] Started Flush Journal to Persistent Storage.
[[0;32m  OK  [0m] Started Create Static Device Nodes in /dev.
[[0;32m  OK  [0m] Started Monitoring of LVM2 mirrors,...ng dmeventd or progress polling.
[[0;32m  OK  [0m] Reached target Local File Systems (Pre).
[[0;32m  OK  [0m] Reached target Local File Systems.
         Starting Set console font and keymap...
         Starting LSB: AppArmor initialization...
         Starting Initial cloud-init job (pre-networking)...
         Starting Tell Plymouth To Write Out Runtime Data...
         Starting Commit a transient machine-id on disk...
         Starting udev Kernel Device Manager...
         Starting Create Volatile Files and Directories...
[[0;32m  OK  [0m] Started udev Coldplug all Devices.
[[0;32m  OK  [0m] Started Tell Plymouth To Write Out Runtime Data.
[[0;32m  OK  [0m] Started Commit a transient machine-id on disk.
[[0;32m  OK  [0m] Started Create Volatile Files and Directories.
         Starting Update UTMP about System Boot/Shutdown...
[[0;32m  OK  [0m] Started Update UTMP about System Boot/Shutdown.
[[0;32m  OK  [0m] Started udev Kernel Device Manager.
[[0;32m  OK  [0m] Started Dispatch Password Requests to Console Directory Watch.
[[0;32m  OK  [0m] Found device /dev/ttyS0.
[[0;32m  OK  [0m] Listening on Load/Save RF Kill Switch Status /dev/rfkill Watch.
[[0;32m  OK  [0m] Started LSB: AppArmor initialization.
[   21.449206] cloud-init[457]: Cloud-init v. 19.1-1-gbaa47854-0ubuntu1~16.04.1 running 'init-local' at Fri, 23 Aug 2019 15:42:16 +0000. Up 19.79 seconds.
[[0;32m  OK  [0m] Started Initial cloud-init job (pre-networking).
[[0;32m  OK  [0m] Reached target Network (Pre).
         Starting Raise network interfaces...
[[0;32m  OK  [0m] Started Set console font and keymap.
[[0;32m  OK  [0m] Created slice system-getty.slice.
[[0;32m  OK  [0m] Started Raise network interfaces.
         Starting Initial cloud-init job (metadata service crawler)...
[[0;32m  OK  [0m] Reached target Network.
[   27.464572] cloud-init[943]: Cloud-init v. 19.1-1-gbaa47854-0ubuntu1~16.04.1 running 'init' at Fri, 23 Aug 2019 15:42:21 +0000. Up 24.92 seconds.
[   27.561208] cloud-init[943]: ci-info: ++++++++++++++++++++++++++++++++++++++Net device info++++++++++++++++++++++++++++++++++++++
[   27.577310] cloud-init[943]: ci-info: +--------+------+----------------------------+---------------+--------+-------------------+
[   27.588170] cloud-init[943]: ci-info: | Device |  Up  |          Address           |      Mask     | Scope  |     Hw-Address    |
[   27.603473] cloud-init[943]: ci-info: +--------+------+----------------------------+---------------+--------+-------------------+
[   27.608966] cloud-init[943]: ci-info: | enp0s3 | True |         10.0.2.15          | 255.255.255.0 | global | 02:6a:5b:40:72:6f |
[   27.616901] cloud-init[943]: ci-info: | enp0s3 | True | fe80::6a:5bff:fe40:726f/64 |       .       |  link  | 02:6a:5b:40:72:6f |
[   27.628951] cloud-init[943]: ci-info: |   lo   | True |         127.0.0.1          |   255.0.0.0   |  host  |         .         |
[   27.641639] cloud-init[943]: ci-info: |   lo   | True |          ::1/128           |       .       |  host  |         .         |
[   27.653479] cloud-init[943]: ci-info: +--------+------+----------------------------+---------------+--------+-------------------+
[[0;32m  OK  [0m] Started Initial cloud-init job (metadata service crawler).
[   27.681126] cloud-init[943]: ci-info: +++++++++++++++++++++++++++Route IPv4 info++++++++++++++++++++++++++++
[[0;32m  OK  [0m] Reached target Cloud-config availability.
[   27.695564] cloud-init[943]: ci-info: +-------+-------------+----------+---------------+-----------+-------+
[[0;32m  OK  [0m] Reached target System Initialization.
[   27.700642] cloud-init[943]: ci-info: | Route | Destination | Gateway  |    Genmask    | Interface | Flags |
[[0;32m  OK  [0m] Listening on D-Bus System Message Bus Socket.
[   27.711125] cloud-init[943]: ci-info: +-------+-------------+----------+---------------+-----------+-------+
[   27.744546] cloud-init[943]: ci-info: |   0   |   0.0.0.0   | 10.0.2.2 |    0.0.0.0    |   enp0s3  |   UG  |
[   27.745039] cloud-init[943]: ci-info: |   1   |   10.0.2.0  | 0.0.0.0  | 255.255.255.0 |   enp0s3  |   U   |
[[0;32m  OK  [0m] Started ACPI Events Check.
[   27.745867] cloud-init[943]: ci-info: +-------+-------------+----------+---------------+-----------+-------+
[[0;32m  OK  [0m] Reached target Paths.
[   27.773623] cloud-init[943]: ci-info: +++++++++++++++++++Route IPv6 info+++++++++++++++++++
[   27.790750] cloud-init[943]: ci-info: +-------+-------------+---------+-----------+-------+
[   27.793291] cloud-init[943]: ci-info: | Route | Destination | Gateway | Interface | Flags |
         Starting Socket activation for snappy daemon.
[   27.797530] cloud-init[943]: ci-info: +-------+-------------+---------+-----------+-------+
[   27.826459] cloud-init[943]: ci-info: |   0   |  fe80::/64  |    ::   |   enp0s3  |   U   |
[   27.844629] cloud-init[943]: ci-info: |   4   |   ff00::/8  |    ::   |   enp0s3  |   U   |
[   27.853457] cloud-init[943]: ci-info: +-------+-------------+---------+-----------+-------+
         Starting LXD - unix socket.
[[0;32m  OK  [0m] Listening on UUID daemon activation socket.
[[0;32m  OK  [0m] Started Daily apt download activities.
[[0;32m  OK  [0m] Started Daily Cleanup of Temporary Directories.
[   27.863238] cloud-init[943]: Generating public/private rsa key pair.
[   28.093735] cloud-init[943]: Your identification has been saved in /etc/ssh/ssh_host_rsa_key.
[[0;32m  OK  [0m] Listening on ACPID Listen Socket.
[   28.098168] cloud-init[943]: Your public key has been saved in /etc/ssh/ssh_host_rsa_key.pub.
[[0;32m  OK  [0m] Started Daily apt upgrade and clean activities.
[[0;32m  OK  [0m] Reached target Timers.
[   28.102185] cloud-init[943]: The key fingerprint is:
[   28.257728] cloud-init[943]: SHA256:3vEq0DRI5EUXN69obvzzzXYPQ3bbc4rnQ7aVkd0S6TA root@ubuntu-xenial
[[0;32m  OK  [0m] Reached target Network is Online.
[   28.262160] cloud-init[943]: The key's randomart image is:
[   28.267464] cloud-init[943]: +---[RSA 2048]----+
[   28.289013] cloud-init[943]:          Starting iSCSI initiator daemon (iscsid)...
|     ...o o.o  . |
[   28.293084] cloud-init[943]: [[0;32m  OK  [0m] Listening on Socket activation for snappy daemon.
[|     ... . .Eoo  |[0;32m  OK  [0m
] Listening on LXD - unix socket.
[   28.296213] cloud-init[943]: |     ...     +..+|
[   28.326013] [[0;32m  OK  [0m] Reached target Sockets.
cloud-init[943]: |      . o  . .ooo|
[   28.330430] [cloud-init[0;32m  OK  [0m[943]: ] |       oS.+ . o.+|Reached target Basic System.

[   28.331322] cloud-init[943]: |      ...= o ooo+|
[   28.348932] cloud-init[943]: |       .. = .oo=o|
[   28.350916] cloud-init[943]: |        .. o..+*=|
[   28.353845] cloud-init[943]: |         .. o=+o*|
[   28.355906] cloud-init[943]: +----[SHA256]-----+
[   28.379151] cloud-init[943]: Generating public/private dsa key pair.
[   28.381466] cloud-init[943]: Your identification has been saved in /etc/ssh/ssh_host_dsa_key.
[   28.401591] [[0;32m  OK  [0m] Started ACPI event daemon.
cloud-init[943]: Your public key has been saved in /etc/ssh/ssh_host_dsa_key.pub.
[   28.425384] cloud-init[943]: The key fingerprint is:
[   28.433821] cloud-init[943]: SHA256:D1lDn6hS2rHdq4x8WhVNnx9LsmvD9DwepQiBAQa+XhQ root@ubuntu-xenial
[   28.437980] cloud-init[943]: The key's randomart image is:
[   28.440921] cloud-init[943]: +---[DSA 1024]----+
[   28.443085] cloud-init[943]: |    ..E.. .   .  |
[   28.452569] cloud-init[943]: |   . . . + o + ..|
[   28.462219]          cloud-initStarting System Logging Service...[943]: 
|    . . + = +..+.|
[   28.462976] cloud-init[943]: |     o + B + .+ +|
[   28.477995] cloud-init[943]: |    . + S o oo .o|
[   28.482136] cloud-init[943]: |   . . . o ooo+..|
[   28.484866] cloud-init[943]: |    .     o o=.= |
[   28.490559] cloud-init[943]: |       . +... o o|
         Starting Login Service...
[   28.503956] cloud-init[943]: |        +oo    . |
[   28.540012] cloud-init[943]: +----[SHA256]-----+
[   28.540615] cloud-init[943]: Generating public/private ecdsa key pair.
[   28.540967] cloud-init[943]: Your identification has been saved in /etc/ssh/ssh_host_ecdsa_key.
[   28.541414] cloud-init[943]: Your public key has been saved in /etc/ssh/ssh_host_ecdsa_key.pub.
[   28.541748] cloud-init[943]: The key fingerprint is:
[   28.542119] cloud-init[943]: SHA256:qmqh2ApdJKN4wwe/uRcPiA6+PD6SBB0pGkbA0hx1KdU root@ubuntu-xenial
[   28.542440] cloud-init[943]: The key's randomart image is:
[   28.542821] cloud-init[943]: +---[ECDSA 256]---+
[   28.543209] cloud-init[943]: |=+.+..oo         |
[   28.543813] cloud-init[943]: |+o= ... E        |
[   28.544203] cloud-init[943]: |+++...           |
         Starting /etc/rc.local Compatibility...
[   28.544530] cloud-init[943]: |+o.*             |
[[0;32m  OK  [0m] Started D-Bus System Message Bus.
[   28.627650] cloud-init[943]: |+ +.+.  S        |
[   28.636496] cloud-init[943]: |.+o+.oo.         |
[   28.639593] cloud-init[943]: |=*..o .+         |
[   28.643275] cloud-init[943]: |B++  o. .        |
[   28.647353] cloud-init[943]: |+*=.o.           |
[   28.651388] cloud-init[943]: +----[SHA256]-----+
[   28.676700] cloud-init[943]: Generating public/private ed25519 key pair.
[   28.682249] cloud-init[943]: Your identification has been saved in /etc/ssh/ssh_host_ed25519_key.
[   28.692548] cloud-init[943]: Your public key has been saved in /etc/ssh/ssh_host_ed25519_key.pub.
[   28.700315] cloud-init[943]: The key fingerprint is:
[   28.705501] cloud-init[943]: SHA256:6RHQ2ufGOlRukf77QUHZLvGiE9hiqiOB5+f6dSeo8Hc root@ubuntu-xenial
[   28.724654] cloud-init[943]: The key's randomart image is:
[   28.740620] cloud-init[943]: +--[ED25519 256]--+
[   28.744055] cloud-init[943]: |      ..      .o |
[   28.746005] cloud-init[943]: |       ..    .o .|
[   28.787416] cloud-init[943]: |       o.  +  .+ |
         Starting LSB: MD monitoring daemon...
[   28.856368] cloud-init[943]: |      . .oO o o.o|
[   28.892675] cloud-init[943]: |   .    SX o o.o |
[   28.899123] cloud-init[943]: |  . o  .ooB o.   |
[   28.908682] cloud-init[943]: |   o.. o++o....  |
[   28.915855] cloud-init[943]: |    oo+o+.Eo.  . |
         Starting LXD - container startup/shutdown...
[   28.932250] cloud-init[943]: |    .*=o o  .o.  |
[   28.969609] cloud-init[943]: +----[SHA256]-----+
         Starting Virtualbox guest utils...
         Starting Accounts Service...
[[0;32m  OK  [0m] Started FUSE filesystem for LXC.
[[0;32m  OK  [0m] Started Deferred execution scheduler.
         Starting Pollinate to seed the pseudo random number generator...
         Starting LSB: Record successful boot for GRUB...
[[0;32m  OK  [0m] Started Regular background program processing daemon.
         Starting Snappy daemon...
[[0;32m  OK  [0m] Started System Logging Service.
[[0;32m  OK  [0m] Started /etc/rc.local Compatibility.
[[0;32m  OK  [0m] Started iSCSI initiator daemon (iscsid).
[[0;32m  OK  [0m] Started Login Service.
[[0;32m  OK  [0m] Started Unattended Upgrades Shutdown.
         Starting Login to default iSCSI targets...
         Starting Authenticate and Authorize Users to Run Privileged Tasks...
[[0;32m  OK  [0m] Started LSB: Record successful boot for GRUB.
[[0;32m  OK  [0m] Started LSB: MD monitoring daemon.
[[0;32m  OK  [0m] Started Login to default iSCSI targets.
[[0;32m  OK  [0m] Reached target Remote File Systems (Pre).
[[0;32m  OK  [0m] Reached target Remote File Systems.
         Starting LSB: automatic crash report generation...
         Starting LSB: daemon to balance interrupts for SMP systems...
         Starting Permit User Sessions...
         Starting LSB: Set the CPU Frequency Scaling governor to "ondemand"...
[[0;32m  OK  [0m] Started Authenticate and Authorize Users to Run Privileged Tasks.
[[0;32m  OK  [0m] Started Accounts Service.
[[0;32m  OK  [0m] Started Permit User Sessions.
         Starting Hold until boot process finishes up...
         Starting Terminate Plymouth Boot Screen...
[[0;32m  OK  [0m] Started Terminate Plymouth Boot Screen.
[[0;32m  OK  [0m] Started Hold until boot process finishes up.
[[0;32m  OK  [0m] Started Serial Getty on ttyS0.
         Starting Set console scheme...
[[0;32m  OK  [0m] Started Getty on tty1.
[[0;32m  OK  [0m] Reached target Login Prompts.
[[0;32m  OK  [0m] Started LXD - container startup/shutdown.
[[0;32m  OK  [0m] Started Virtualbox guest utils.
[[0;32m  OK  [0m] Started LSB: automatic crash report generation.
[[0;32m  OK  [0m] Started Set console scheme.
[[0;32m  OK  [0m] Started LSB: Set the CPU Frequency Scaling governor to "ondemand".
[[0;32m  OK  [0m] Started LSB: daemon to balance interrupts for SMP systems.
[[0;32m  OK  [0m] Started Snappy daemon.
         Starting Wait until snapd is fully seeded...
[[0;32m  OK  [0m] Started Pollinate to seed the pseudo random number generator.
         Starting OpenBSD Secure Shell server...
[[0;32m  OK  [0m] Started OpenBSD Secure Shell server.
[[0;32m  OK  [0m] Created slice User Slice of vagrant.
         Starting User Manager for UID 1000...
[[0;32m  OK  [0m] Started Session 1 of user vagrant.
[[0;32m  OK  [0m] Started User Manager for UID 1000.

Ubuntu 16.04.6 LTS ubuntu-xenial ttyS0

ubuntu-xenial login: [   39.856673] cloud-init[1380]: Generating locales (this might take a while)...
[   43.120466] cloud-init[1380]:   en_US.UTF-8... done
[   43.124561] cloud-init[1380]: Generation complete.
[   45.227960] cloud-init[1380]: Cloud-init v. 19.1-1-gbaa47854-0ubuntu1~16.04.1 running 'modules:config' at Fri, 23 Aug 2019 15:42:36 +0000. Up 39.20 seconds.
ci-info: no authorized ssh keys fingerprints found for user ubuntu.
<14>Aug 23 15:42:43 ec2: 
<14>Aug 23 15:42:43 ec2: #############################################################
<14>Aug 23 15:42:43 ec2: -----BEGIN SSH HOST KEY FINGERPRINTS-----
<14>Aug 23 15:42:43 ec2: 1024 SHA256:D1lDn6hS2rHdq4x8WhVNnx9LsmvD9DwepQiBAQa+XhQ root@ubuntu-xenial (DSA)
<14>Aug 23 15:42:43 ec2: 256 SHA256:qmqh2ApdJKN4wwe/uRcPiA6+PD6SBB0pGkbA0hx1KdU root@ubuntu-xenial (ECDSA)
<14>Aug 23 15:42:43 ec2: 256 SHA256:6RHQ2ufGOlRukf77QUHZLvGiE9hiqiOB5+f6dSeo8Hc root@ubuntu-xenial (ED25519)
<14>Aug 23 15:42:43 ec2: 2048 SHA256:3vEq0DRI5EUXN69obvzzzXYPQ3bbc4rnQ7aVkd0S6TA root@ubuntu-xenial (RSA)
<14>Aug 23 15:42:43 ec2: -----END SSH HOST KEY FINGERPRINTS-----
<14>Aug 23 15:42:43 ec2: #############################################################
-----BEGIN SSH HOST KEY KEYS-----
ecdsa-sha2-nistp256 AAAAE2VjZHNhLXNoYTItbmlzdHAyNTYAAAAIbmlzdHAyNTYAAABBBG7TQUnLHtQDplgEvQopR/EjJLx4l0v11vreQxV3zX4he+CppToK9HTscSa1tHDvdO6R9jPPnfB63Duu+oUvD3U= root@ubuntu-xenial
ssh-ed25519 AAAAC3NzaC1lZDI1NTE5AAAAILEU3I/OPPFoURNdY0s47wQ7BqpfshisjCvHw90r61Bm root@ubuntu-xenial
ssh-rsa AAAAB3NzaC1yc2EAAAADAQABAAABAQCd+K9+Al5+bTiod2Wez62oeRnKw5jDkpTfaYnMXfGI4D19gZJPQTu7gypOo2qDe8Kzd7IFlH8fpIUo1Qf8Z4MIjJ5B/qbSufKeXRQZOegLkFFHJ3n551tFBJUDQVKq8DhZ9d7bxdDQ54kEMuKYP3xoh+IehMK4+Ifq8ikck+dCCLMtHSDdTMqE9t2yis8qp09USlaVgcTbEoyCZbe1eRpioAz2Zp6nIlQxEJrOBKAIEI8Z6ODDcSs1Wrm6gJN4k3l7Zh7Ub9EXkzx/soEQQc1AipTDBszBa1iCKSwCmBJvOAsWsJ0TdWDzL0PcVflmoZkbK+0JMTPpCdOjCDxN2yil root@ubuntu-xenial
-----END SSH HOST KEY KEYS-----
[   47.082249] cloud-init[1548]: Cloud-init v. 19.1-1-gbaa47854-0ubuntu1~16.04.1 running 'modules:final' at Fri, 23 Aug 2019 15:42:43 +0000. Up 46.45 seconds.
[   47.083022] cloud-init[1548]: ci-info: no authorized ssh keys fingerprints found for user ubuntu.
[   47.083617] cloud-init[1548]: Cloud-init v. 19.1-1-gbaa47854-0ubuntu1~16.04.1 finished at Fri, 23 Aug 2019 15:42:43 +0000. Datasource DataSourceNoCloud [seed=/dev/sdb][dsmode=net].  Up 47.03 seconds
