[    0.000000] Initializing cgroup subsys cpuset
[    0.000000] Initializing cgroup subsys cpu
[    0.000000] Initializing cgroup subsys cpuacct
[    0.000000] Linux version 4.4.0-159-generic (buildd@lgw01-amd64-042) (gcc version 5.4.0 20160609 (Ubuntu 5.4.0-6ubuntu1~16.04.10) ) #187-Ubuntu SMP Thu Aug 1 16:28:06 UTC 2019 (Ubuntu 4.4.0-159.187-generic 4.4.185)
[    0.000000] Command line: BOOT_IMAGE=/boot/vmlinuz-4.4.0-159-generic root=LABEL=cloudimg-rootfs ro console=tty1 console=ttyS0
[    0.000000] KERNEL supported cpus:
[    0.000000]   Intel GenuineIntel
[    0.000000]   AMD AuthenticAMD
[    0.000000]   Centaur CentaurHauls
[    0.000000] x86/fpu: Legacy x87 FPU detected.
[    0.000000] e820: BIOS-provided physical RAM map:
[    0.000000] BIOS-e820: [mem 0x0000000000000000-0x000000000009fbff] usable
[    0.000000] BIOS-e820: [mem 0x000000000009fc00-0x000000000009ffff] reserved
[    0.000000] BIOS-e820: [mem 0x00000000000f0000-0x00000000000fffff] reserved
[    0.000000] BIOS-e820: [mem 0x0000000000100000-0x000000002cfeffff] usable
[    0.000000] BIOS-e820: [mem 0x000000002cff0000-0x000000002cffffff] ACPI data
[    0.000000] BIOS-e820: [mem 0x00000000fec00000-0x00000000fec00fff] reserved
[    0.000000] BIOS-e820: [mem 0x00000000fee00000-0x00000000fee00fff] reserved
[    0.000000] BIOS-e820: [mem 0x00000000fffc0000-0x00000000ffffffff] reserved
[    0.000000] NX (Execute Disable) protection: active
[    0.000000] SMBIOS 2.5 present.
[    0.000000] Hypervisor detected: KVM
[    0.000000] e820: last_pfn = 0x2cff0 max_arch_pfn = 0x400000000
[    0.000000] MTRR: Disabled
[    0.000000] x86/PAT: MTRRs disabled, skipping PAT initialization too.
[    0.000000] CPU MTRRs all blank - virtualized system.
[    0.000000] x86/PAT: Configuration [0-7]: WB  WT  UC- UC  WB  WT  UC- UC  
[    0.000000] found SMP MP-table at [mem 0x0009fff0-0x0009ffff] mapped at [ffff88000009fff0]
[    0.000000] Scanning 1 areas for low memory corruption
[    0.000000] RAMDISK: [mem 0x2b961000-0x2c7dcfff]
[    0.000000] ACPI: Early table checksum verification disabled
[    0.000000] ACPI: RSDP 0x00000000000E0000 000024 (v02 VBOX  )
[    0.000000] ACPI: XSDT 0x000000002CFF0030 00003C (v01 VBOX   VBOXXSDT 00000001 ASL  00000061)
[    0.000000] ACPI: FACP 0x000000002CFF00F0 0000F4 (v04 VBOX   VBOXFACP 00000001 ASL  00000061)
[    0.000000] ACPI: DSDT 0x000000002CFF0470 0021FF (v02 VBOX   VBOXBIOS 00000002 INTL 20180105)
[    0.000000] ACPI: FACS 0x000000002CFF0200 000040
[    0.000000] ACPI: FACS 0x000000002CFF0200 000040
[    0.000000] ACPI: APIC 0x000000002CFF0240 000054 (v02 VBOX   VBOXAPIC 00000001 ASL  00000061)
[    0.000000] ACPI: SSDT 0x000000002CFF02A0 0001CC (v01 VBOX   VBOXCPUT 00000002 INTL 20180105)
[    0.000000] No NUMA configuration found
[    0.000000] Faking a node at [mem 0x0000000000000000-0x000000002cfeffff]
[    0.000000] NODE_DATA(0) allocated [mem 0x2cfeb000-0x2cfeffff]
[    0.000000] kvm-clock: Using msrs 4b564d01 and 4b564d00
[    0.000000] kvm-clock: cpu 0, msr 0:2cfe3001, primary cpu clock
[    0.000000] kvm-clock: using sched offset of 7357004656 cycles
[    0.000000] clocksource: kvm-clock: mask: 0xffffffffffffffff max_cycles: 0x1cd42e4dffb, max_idle_ns: 881590591483 ns
[    0.000000] Zone ranges:
[    0.000000]   DMA      [mem 0x0000000000001000-0x0000000000ffffff]
[    0.000000]   DMA32    [mem 0x0000000001000000-0x000000002cfeffff]
[    0.000000]   Normal   empty
[    0.000000]   Device   empty
[    0.000000] Movable zone start for each node
[    0.000000] Early memory node ranges
[    0.000000]   node   0: [mem 0x0000000000001000-0x000000000009efff]
[    0.000000]   node   0: [mem 0x0000000000100000-0x000000002cfeffff]
[    0.000000] Initmem setup node 0 [mem 0x0000000000001000-0x000000002cfeffff]
[    0.000000] ACPI: PM-Timer IO Port: 0x4008
[    0.000000] IOAPIC[0]: apic_id 1, version 32, address 0xfec00000, GSI 0-23
[    0.000000] ACPI: INT_SRC_OVR (bus 0 bus_irq 0 global_irq 2 dfl dfl)
[    0.000000] ACPI: INT_SRC_OVR (bus 0 bus_irq 9 global_irq 9 low level)
[    0.000000] Using ACPI (MADT) for SMP configuration information
[    0.000000] smpboot: Allowing 1 CPUs, 0 hotplug CPUs
[    0.000000] PM: Registered nosave memory: [mem 0x00000000-0x00000fff]
[    0.000000] PM: Registered nosave memory: [mem 0x0009f000-0x0009ffff]
[    0.000000] PM: Registered nosave memory: [mem 0x000a0000-0x000effff]
[    0.000000] PM: Registered nosave memory: [mem 0x000f0000-0x000fffff]
[    0.000000] e820: [mem 0x2d000000-0xfebfffff] available for PCI devices
[    0.000000] Booting paravirtualized kernel on KVM
[    0.000000] clocksource: refined-jiffies: mask: 0xffffffff max_cycles: 0xffffffff, max_idle_ns: 7645519600211568 ns
[    0.000000] setup_percpu: NR_CPUS:512 nr_cpumask_bits:512 nr_cpu_ids:1 nr_node_ids:1
[    0.000000] PERCPU: Embedded 34 pages/cpu @ffff88002cc00000 s99544 r8192 d31528 u2097152
[    0.000000] Built 1 zonelists in Node order, mobility grouping on.  Total pages: 181304
[    0.000000] Policy zone: DMA32
[    0.000000] Kernel command line: BOOT_IMAGE=/boot/vmlinuz-4.4.0-159-generic root=LABEL=cloudimg-rootfs ro console=tty1 console=ttyS0
[    0.000000] PID hash table entries: 4096 (order: 3, 32768 bytes)
[    0.000000] Memory: 690660K/736824K available (8618K kernel code, 1335K rwdata, 4032K rodata, 1488K init, 1284K bss, 46164K reserved, 0K cma-reserved)
[    0.000000] SLUB: HWalign=64, Order=0-3, MinObjects=0, CPUs=1, Nodes=1
[    0.000000] Kernel/User page tables isolation: enabled
[    0.000000] Hierarchical RCU implementation.
[    0.000000] 	Build-time adjustment of leaf fanout to 64.
[    0.000000] 	RCU restricting CPUs from NR_CPUS=512 to nr_cpu_ids=1.
[    0.000000] RCU: Adjusting geometry for rcu_fanout_leaf=64, nr_cpu_ids=1
[    0.000000] NR_IRQS:33024 nr_irqs:256 16
[    0.000000] Console: colour VGA+ 80x25
[    0.000000] console [tty1] enabled
[    0.000000] console [ttyS0] enabled
[    0.000000] tsc: Detected 2992.498 MHz processor
[    0.991246] Calibrating delay loop (skipped) preset value.. 5984.99 BogoMIPS (lpj=11969992)
[    0.994256] pid_max: default: 32768 minimum: 301
[    0.995849] ACPI: Core revision 20150930
[    0.998548] ACPI: 2 ACPI AML tables successfully acquired and loaded
[    1.019916] Security Framework initialized
[    1.021386] Yama: becoming mindful.
[    1.022803] AppArmor: AppArmor initialized
[    1.024415] Dentry cache hash table entries: 131072 (order: 8, 1048576 bytes)
[    1.026924] Inode-cache hash table entries: 65536 (order: 7, 524288 bytes)
[    1.029182] Mount-cache hash table entries: 2048 (order: 2, 16384 bytes)
[    1.031262] Mountpoint-cache hash table entries: 2048 (order: 2, 16384 bytes)
[    1.095255] Initializing cgroup subsys io
[    1.096704] Initializing cgroup subsys memory
[    1.098264] Initializing cgroup subsys devices
[    1.118834] Initializing cgroup subsys freezer
[    1.120411] Initializing cgroup subsys net_cls
[    1.121946] Initializing cgroup subsys perf_event
[    1.123576] Initializing cgroup subsys net_prio
[    1.128024] Initializing cgroup subsys hugetlb
[    1.129768] Initializing cgroup subsys pids
[    1.131382] mce: CPU supports 0 MCE banks
[    1.133237] process: using mwait in idle threads
[    1.134822] Last level iTLB entries: 4KB 128, 2MB 4, 4MB 4
[    1.136640] Last level dTLB entries: 4KB 256, 2MB 0, 4MB 32, 1GB 0
[    1.138561] Spectre V1 : Mitigation: usercopy/swapgs barriers and __user pointer sanitization
[    1.141503] Spectre V2 : Mitigation: Full generic retpoline
[    1.143308] Spectre V2 : Spectre v2 / SpectreRSB mitigation: Filling RSB on context switch
[    1.196942] Speculative Store Bypass: Vulnerable
[    1.199409] MDS: Vulnerable: Clear CPU buffers attempted, no microcode
[    1.841290] Freeing SMP alternatives memory: 36K
[    1.916791] ftrace: allocating 32318 entries in 127 pages
[    2.038006] smpboot: APIC(0) Converting physical 0 to logical package 0
[    2.059033] smpboot: Max logical packages: 1
[    2.061109] x2apic enabled
[    2.062776] Switched APIC routing to physical x2apic.
[    2.067150] ..TIMER: vector=0x30 apic1=0 pin1=2 apic2=-1 pin2=-1
[    2.129182] APIC calibration not consistent with PM-Timer: 200ms instead of 100ms
[    2.150491] APIC delta adjusted to PM-Timer: 6249970 (12500657)
[    2.152453] smpboot: CPU0: Intel(R) Core(TM)2 Duo CPU     E8400  @ 3.00GHz (family: 0x6, model: 0x17, stepping: 0xa)
[    2.156135] Performance Events: unsupported p6 CPU model 23 no PMU driver, software events only.
[    2.358063] KVM setup paravirtual spinlock
[    2.370749] x86: Booted up 1 node, 1 CPUs
[    2.372215] smpboot: Total of 1 processors activated (5984.99 BogoMIPS)
[    2.374741] devtmpfs: initialized
[    2.378417] evm: security.selinux
[    2.379715] evm: security.SMACK64
[    2.381003] evm: security.SMACK64EXEC
[    2.434306] evm: security.SMACK64TRANSMUTE
[    2.435756] evm: security.SMACK64MMAP
[    2.437130] evm: security.ima
[    2.438323] evm: security.capability
[    2.439823] clocksource: jiffies: mask: 0xffffffff max_cycles: 0xffffffff, max_idle_ns: 7645041785100000 ns
[    2.443131] futex hash table entries: 256 (order: 2, 16384 bytes)
[    2.445194] pinctrl core: initialized pinctrl subsystem
[    2.447094] RTC time: 16:32:58, date: 08/23/19
[    2.449257] NET: Registered protocol family 16
[    2.451104] cpuidle: using governor ladder
[    2.452572] cpuidle: using governor menu
[    2.453976] PCCT header not found.
[    2.455328] ACPI: bus type PCI registered
[    2.456769] acpiphp: ACPI Hot Plug PCI Controller Driver version: 0.5
[    2.458891] PCI: Using configuration type 1 for base access
[    2.462259] ACPI: Added _OSI(Module Device)
[    2.463753] ACPI: Added _OSI(Processor Device)
[    2.465623] ACPI: Added _OSI(3.0 _SCP Extensions)
[    2.467211] ACPI: Added _OSI(Processor Aggregator Device)
[    2.469755] ACPI: Executed 1 blocks of module-level executable AML code
[    2.474291] ACPI: Interpreter enabled
[    2.475662] ACPI: (supports S0 S5)
[    2.476977] ACPI: Using IOAPIC for interrupt routing
[    2.478809] PCI: Using host bridge windows from ACPI; if necessary, use "pci=nocrs" and report a bug
[    2.537495] ACPI: PCI Root Bridge [PCI0] (domain 0000 [bus 00-ff])
[    2.579882] acpi PNP0A03:00: _OSC: OS supports [ASPM ClockPM Segments MSI]
[    2.647002] acpi PNP0A03:00: _OSC: not requesting OS control; OS requires [ExtendedConfig ASPM ClockPM MSI]
[    2.681035] acpi PNP0A03:00: fail to add MMCONFIG information, can't access extended PCI configuration space under this bridge.
[    2.746859] PCI host bridge to bus 0000:00
[    2.748323] pci_bus 0000:00: root bus resource [io  0x0000-0x0cf7 window]
[    2.769772] pci_bus 0000:00: root bus resource [io  0x0d00-0xffff window]
[    2.771831] pci_bus 0000:00: root bus resource [mem 0x000a0000-0x000bffff window]
[    2.774511] pci_bus 0000:00: root bus resource [mem 0x2d000000-0xfdffffff window]
[    2.777199] pci_bus 0000:00: root bus resource [bus 00-ff]
[    2.781358] pci 0000:00:01.1: legacy IDE quirk: reg 0x10: [io  0x01f0-0x01f7]
[    2.869470] pci 0000:00:01.1: legacy IDE quirk: reg 0x14: [io  0x03f6]
[    2.871482] pci 0000:00:01.1: legacy IDE quirk: reg 0x18: [io  0x0170-0x0177]
[    2.873637] pci 0000:00:01.1: legacy IDE quirk: reg 0x1c: [io  0x0376]
[    2.896702] pci 0000:00:07.0: quirk: [io  0x4000-0x403f] claimed by PIIX4 ACPI
[    2.956253] pci 0000:00:07.0: quirk: [io  0x4100-0x410f] claimed by PIIX4 SMB
[    2.966001] ACPI: PCI Interrupt Link [LNKA] (IRQs 5 9 10 *11)
[    2.995346] ACPI: PCI Interrupt Link [LNKB] (IRQs 5 9 *10 11)
[    3.061169] ACPI: PCI Interrupt Link [LNKC] (IRQs 5 *9 10 11)
[    3.063684] ACPI: PCI Interrupt Link [LNKD] (IRQs 5 9 10 *11)
[    3.066654] ACPI: Enabled 2 GPEs in block 00 to 07
[    3.069236] vgaarb: setting as boot device: PCI:0000:00:02.0
[    3.071052] vgaarb: device added: PCI:0000:00:02.0,decodes=io+mem,owns=io+mem,locks=none
[    3.073899] vgaarb: loaded
[    3.075030] vgaarb: bridge control possible 0000:00:02.0
[    3.077391] SCSI subsystem initialized
[    3.079174] ACPI: bus type USB registered
[    3.080696] usbcore: registered new interface driver usbfs
[    3.089336] usbcore: registered new interface driver hub
[    3.091109] usbcore: registered new device driver usb
[    3.093097] PCI: Using ACPI for IRQ routing
[    3.095291] NetLabel: Initializing
[    3.096623] NetLabel:  domain hash size = 128
[    3.098490] NetLabel:  protocols = UNLABELED CIPSOv4
[    3.100184] NetLabel:  unlabeled traffic allowed by default
[    3.102350] amd_nb: Cannot enumerate AMD northbridges
[    3.104153] clocksource: Switched to clocksource kvm-clock
[    3.168659] AppArmor: AppArmor Filesystem Enabled
[    3.179531] pnp: PnP ACPI init
[    3.182842] pnp: PnP ACPI: found 3 devices
[    3.191720] clocksource: acpi_pm: mask: 0xffffff max_cycles: 0xffffff, max_idle_ns: 2085701024 ns
[    3.194866] NET: Registered protocol family 2
[    3.196867] TCP established hash table entries: 8192 (order: 4, 65536 bytes)
[    3.209156] TCP bind hash table entries: 8192 (order: 5, 131072 bytes)
[    3.211225] TCP: Hash tables configured (established 8192 bind 8192)
[    3.266673] UDP hash table entries: 512 (order: 2, 16384 bytes)
[    3.268618] UDP-Lite hash table entries: 512 (order: 2, 16384 bytes)
[    3.270752] NET: Registered protocol family 1
[    3.272326] pci 0000:00:00.0: Limiting direct PCI/PCI transfers
[    3.274273] pci 0000:00:01.0: Activating ISA DMA hang workarounds
[    3.276501] Unpacking initramfs...
[    3.786612] Freeing initrd memory: 14832K
[    3.790393] clocksource: tsc: mask: 0xffffffffffffffff max_cycles: 0x2b2296bc2b9, max_idle_ns: 440795321505 ns
[    3.795319] platform rtc_cmos: registered platform RTC device (no PNP device found)
[    3.798263] Scanning for low memory corruption every 60 seconds
[    3.885703] audit: initializing netlink subsys (disabled)
[    3.887470] audit: type=2000 audit(1566577986.582:1): initialized
[    3.889808] Initialise system trusted keyring
[    3.891466] HugeTLB registered 2 MB page size, pre-allocated 0 pages
[    3.894992] zbud: loaded
[    3.896393] VFS: Disk quotas dquot_6.6.0
[    3.898181] VFS: Dquot-cache hash table entries: 512 (order 0, 4096 bytes)
[    3.910227] squashfs: version 4.0 (2009/01/31) Phillip Lougher
[    3.913216] fuse init (API version 7.23)
[    3.915238] Key type big_key registered
[    3.916659] Allocating IMA MOK and blacklist keyrings.
[    3.918824] Key type asymmetric registered
[    3.920299] Asymmetric key parser 'x509' registered
[    3.922013] Block layer SCSI generic (bsg) driver version 0.4 loaded (major 249)
[    3.924711] io scheduler noop registered
[    3.926160] io scheduler deadline registered (default)
[    3.927899] io scheduler cfq registered
[    3.929515] pci_hotplug: PCI Hot Plug PCI Core version: 0.5
[    3.931669] pciehp: PCI Express Hot Plug Controller Driver version: 0.4
[    3.933928] ACPI: AC Adapter [AC] (on-line)
[    3.986286] input: Power Button as /devices/LNXSYSTM:00/LNXPWRBN:00/input/input0
[    3.988931] ACPI: Power Button [PWRF]
[    3.990405] input: Sleep Button as /devices/LNXSYSTM:00/LNXSLPBN:00/input/input1
[    3.993060] ACPI: Sleep Button [SLPF]
[    3.994655] GHES: HEST is not enabled!
[    3.996165] Serial: 8250/16550 driver, 32 ports, IRQ sharing enabled
[    4.021791] 00:02: ttyS0 at I/O 0x3f8 (irq = 4, base_baud = 115200) is a 16550A
[    4.032764] Linux agpgart interface v0.103
[    4.091584] loop: module loaded
[    4.093665] scsi host0: ata_piix
[    4.095030] scsi host1: ata_piix
[    4.096337] ata1: PATA max UDMA/33 cmd 0x1f0 ctl 0x3f6 bmdma 0xd000 irq 14
[    4.098924] ata2: PATA max UDMA/33 cmd 0x170 ctl 0x376 bmdma 0xd008 irq 15
[    4.101781] libphy: Fixed MDIO Bus: probed
[    4.103238] tun: Universal TUN/TAP device driver, 1.6
[    4.104941] tun: (C) 1999-2004 Max Krasnyansky <maxk@qualcomm.com>
[    4.106902] PPP generic driver version 2.4.2
[    4.108488] ehci_hcd: USB 2.0 'Enhanced' Host Controller (EHCI) Driver
[    4.110534] ehci-pci: EHCI PCI platform driver
[    4.112085] ehci-platform: EHCI generic platform driver
[    4.113838] ohci_hcd: USB 1.1 'Open' Host Controller (OHCI) Driver
[    4.119401] ohci-pci: OHCI PCI platform driver
[    4.120987] ohci-platform: OHCI generic platform driver
[    4.122700] uhci_hcd: USB Universal Host Controller Interface driver
[    4.124784] i8042: PNP: PS/2 Controller [PNP0303:PS2K,PNP0f03:PS2M] at 0x60,0x64 irq 1,12
[    4.128371] serio: i8042 KBD port at 0x60,0x64 irq 1
[    4.130026] serio: i8042 AUX port at 0x60,0x64 irq 12
[    4.132568] mousedev: PS/2 mouse device common for all mice
[    4.190752] input: AT Translated Set 2 keyboard as /devices/platform/i8042/serio0/input/input2
[    4.194072] rtc_cmos rtc_cmos: rtc core: registered rtc_cmos as rtc0
[    4.196139] rtc_cmos rtc_cmos: alarms up to one day, 114 bytes nvram
[    4.198650] i2c /dev entries driver
[    4.200040] device-mapper: uevent: version 1.0.3
[    4.201747] device-mapper: ioctl: 4.34.0-ioctl (2015-10-28) initialised: dm-devel@redhat.com
[    4.204645] ledtrig-cpu: registered to indicate activity on CPUs
[    4.206938] NET: Registered protocol family 10
[    4.208827] NET: Registered protocol family 17
[    4.210426] Key type dns_resolver registered
[    4.212221] registered taskstats version 1
[    4.213751] Loading compiled-in X.509 certificates
[    4.216723] Loaded X.509 cert 'Build time autogenerated kernel key: d14182f9795b80ec340f636a5a08bf5817ccd8e7'
[    4.220028] zswap: loaded using pool lzo/zbud
[    4.234003] Key type trusted registered
[    4.305432] Key type encrypted registered
[    4.309324] AppArmor: AppArmor sha1 policy hashing enabled
[    4.311170] ima: No TPM chip found, activating TPM-bypass!
[    4.313040] ima: Allocated hash algorithm: sha1
[    4.314662] evm: HMAC attrs: 0x1
[    4.419390]   Magic number: 15:914:540
[    4.420824]  node: hash matches
[    4.422139] rtc_cmos rtc_cmos: setting system clock to 2019-08-23 16:33:00 UTC (1566577980)
[    4.425089] BIOS EDD facility v0.16 2004-Jun-25, 0 devices found
[    4.426991] EDD information not available.
[    4.433493] Freeing unused kernel memory: 1488K
[    4.448251] Write protecting the kernel read-only data: 14336k
[    4.518152] Freeing unused kernel memory: 1608K
[    4.529611] Freeing unused kernel memory: 64K
Loading, please wait...
starting version 229
[    4.827263] random: udevadm: uninitialized urandom read (16 bytes read, 4 bits of entropy available)
[    4.860741] random: udevadm: uninitialized urandom read (16 bytes read, 4 bits of entropy available)
[    4.870019] random: systemd-udevd: uninitialized urandom read (16 bytes read, 4 bits of entropy available)
[    5.022149] random: systemd-udevd: uninitialized urandom read (16 bytes read, 4 bits of entropy available)
[    5.031072] random: systemd-udevd: uninitialized urandom read (16 bytes read, 4 bits of entropy available)
[    5.041094] random: systemd-udevd: uninitialized urandom read (16 bytes read, 4 bits of entropy available)
[    5.047108] random: systemd-udevd: uninitialized urandom read (16 bytes read, 4 bits of entropy available)
[    5.148810] random: udevadm: uninitialized urandom read (16 bytes read, 4 bits of entropy available)
[    5.161248] random: udevadm: uninitialized urandom read (16 bytes read, 4 bits of entropy available)
[    5.165342] random: udevadm: uninitialized urandom read (16 bytes read, 4 bits of entropy available)
[    5.998706] Fusion MPT base driver 3.04.20
[    6.060064] Copyright (c) 1999-2008 LSI Corporation
[    6.072554] e1000: Intel(R) PRO/1000 Network Driver - version 7.3.21-k8-NAPI
[    6.074781] e1000: Copyright (c) 1999-2006 Intel Corporation.
[    6.309885] input: ImExPS/2 Generic Explorer Mouse as /devices/platform/i8042/serio1/input/input4
[    6.726258] Fusion MPT SPI Host driver 3.04.20
[    7.353525] e1000 0000:00:03.0 eth0: (PCI:33MHz:32-bit) 02:6a:5b:40:72:6f
[    7.359992] e1000 0000:00:03.0 eth0: Intel(R) PRO/1000 Network Connection
[    7.368019] e1000 0000:00:03.0 enp0s3: renamed from eth0
[    7.397598] mptbase: ioc0: Initiating bringup
[    7.460621] ioc0: LSI53C1030 A0: Capabilities={Initiator}
[    7.621719] scsi host2: ioc0: LSI53C1030 A0, FwRev=00000000h, Ports=1, MaxQ=256, IRQ=20
[    7.741360] scsi 2:0:0:0: Direct-Access     VBOX     HARDDISK         1.0  PQ: 0 ANSI: 5
[    7.760617] scsi target2:0:0: Beginning Domain Validation
[    7.763334] scsi target2:0:0: Domain Validation skipping write tests
[    7.779819] scsi target2:0:0: Ending Domain Validation
[    7.814099] scsi target2:0:0: asynchronous
[    7.816005] scsi 2:0:1:0: Direct-Access     VBOX     HARDDISK         1.0  PQ: 0 ANSI: 5
[    7.818885] scsi target2:0:1: Beginning Domain Validation
[    7.821812] scsi target2:0:1: Domain Validation skipping write tests
[    7.823787] scsi target2:0:1: Ending Domain Validation
[    7.825587] scsi target2:0:1: asynchronous
[    7.833128] sd 2:0:0:0: Attached scsi generic sg0 type 0
[    7.834991] sd 2:0:0:0: [sda] 20971520 512-byte logical blocks: (10.7 GB/10.0 GiB)
[    7.838919] sd 2:0:1:0: [sdb] 20480 512-byte logical blocks: (10.5 MB/10.0 MiB)
[    7.842848] sd 2:0:1:0: [sdb] Write Protect is off
[    7.918068] sd 2:0:0:0: [sda] Write Protect is off
[    7.919769] sd 2:0:1:0: Attached scsi generic sg1 type 0
[    7.921908] sd 2:0:0:0: [sda] Incomplete mode parameter data
[    7.923731] sd 2:0:0:0: [sda] Assuming drive cache: write through
[    7.927119] sd 2:0:1:0: [sdb] Incomplete mode parameter data
[    7.928976] sd 2:0:1:0: [sdb] Assuming drive cache: write through
[    7.949045]  sda: sda1
[    7.951478] sd 2:0:0:0: [sda] Attached SCSI disk
[    7.977261] sd 2:0:1:0: [sdb] Attached SCSI disk
Begin: Loading essential drivers ... [   11.334551] md: linear personality registered for level -1
[   11.456197] md: multipath personality registered for level -4
[   11.537187] md: raid0 personality registered for level 0
[   11.627988] md: raid1 personality registered for level 1
[   11.828530] raid6: sse2x1   gen()  4355 MB/s
[   11.929889] raid6: sse2x1   xor()  2528 MB/s
[   12.033458] raid6: sse2x2   gen()  4811 MB/s
[   12.138554] raid6: sse2x2   xor()  3921 MB/s
[   12.241978] raid6: sse2x4   gen()  6711 MB/s
[   12.346826] raid6: sse2x4   xor()  5252 MB/s
[   12.348404] raid6: using algorithm sse2x4 gen() 6711 MB/s
[   12.350164] raid6: .... xor() 5252 MB/s, rmw enabled
[   12.351823] raid6: using ssse3x2 recovery algorithm
[   12.377200] xor: measuring software checksum speed
[   12.564270]    prefetch64-sse: 30051.000 MB/sec
[   12.662623]    generic_sse: 29287.000 MB/sec
[   12.669405] xor: using function: prefetch64-sse (30051.000 MB/sec)
[   12.683833] async_tx: api initialized (async)
[   12.808334] md: raid6 personality registered for level 6
[   12.869629] md: raid5 personality registered for level 5
[   12.871405] md: raid4 personality registered for level 4
[   12.992797] md: raid10 personality registered for level 10
done.
Begin: Running /scripts/init-premount ... done.
Begin: Mounting root file system ... Begin: Running /scripts/local-top ... done.
Begin: Running /scripts/local-premount ... [   13.380353] Btrfs loaded
Scanning for Btrfs filesystems
done.
Warning: fsck not present, so skipping root file system
[   13.809739] EXT4-fs (sda1): mounted filesystem with ordered data mode. Opts: (null)
done.
Begin: Running /scripts/local-bottom ... done.
Begin: Running /scripts/init-bottom ... done.
[   14.620310] random: nonblocking pool is initialized
[   14.761333] systemd[1]: systemd 229 running in system mode. (+PAM +AUDIT +SELINUX +IMA +APPARMOR +SMACK +SYSVINIT +UTMP +LIBCRYPTSETUP +GCRYPT +GNUTLS +ACL +XZ -LZ4 +SECCOMP +BLKID +ELFUTILS +KMOD -IDN)
[   14.822877] systemd[1]: Detected virtualization oracle.
[   14.824616] systemd[1]: Detected architecture x86-64.

Welcome to [1mUbuntu 16.04.6 LTS[0m!

[   14.845032] systemd[1]: Set hostname to <ubuntu>.
[   14.890763] systemd[1]: Initializing machine ID from random generator.
[   14.893011] systemd[1]: Installed transient /etc/machine-id file.
[   16.185942] systemd[1]: Created slice System Slice.
[[0;32m  OK  [0m] Created slice System Slice.
[   16.191801] systemd[1]: Listening on Journal Socket.
[[0;32m  OK  [0m] Listening on Journal Socket.
[   16.272172] systemd[1]: Listening on Journal Audit Socket.
[[0;32m  OK  [0m] Listening on Journal Audit Socket.
[   16.275902] systemd[1]: Reached target System Time Synchronized.
[[0;32m  OK  [0m] Reached target System Time Synchronized.
[   16.286204] systemd[1]: Started Trigger resolvconf update for networkd DNS.
[[0;32m  OK  [0m] Started Trigger resolvconf update for networkd DNS.
[   16.290621] systemd[1]: Listening on LVM2 metadata daemon socket.
[[0;32m  OK  [0m] Listening on LVM2 metadata daemon socket.
[   16.301763] systemd[1]: Starting Create list of required static device nodes for the current kernel...
         Starting Create list of required st... nodes for the current kernel...
[   16.325509] systemd[1]: Starting Nameserver information manager...
         Starting Nameserver information manager...
[   16.385334] systemd[1]: Starting Remount Root and Kernel File Systems...
         Starting Remount Root and Kernel File Systems...
[   16.425873] systemd[1]: Created slice system-serial\x2dgetty.slice.
[   16.517737] EXT4-fs (sda1): re-mounted. Opts: (null)
[[0;32m  OK  [0m] Created slice system-serial\x2dgetty.slice.
[   16.601976] systemd[1]: Reached target Encrypted Volumes.
[[0;32m  OK  [0m] Reached target Encrypted Volumes.
[   16.613244] systemd[1]: Mounting POSIX Message Queue File System...
         Mounting POSIX Message Queue File System...
[   16.727594] systemd[1]: Starting Load Kernel Modules...
         Starting Load Kernel Modules...
[   16.818055] systemd[1]: Mounting Huge Pages File System...
         [   16.910048] Loading iSCSI transport class v2.0-870.
Mounting Huge Pages File System...
[   17.003104] systemd[1]: Mounting Debug File System...
         Mounting Debug File System...
[   17.093334] systemd[1]: Listening on /dev/initctl Compatibility Named Pipe.
[[0;32m  OK  [0m] Listening on /dev/initctl Compatibility Named Pipe.
[   17.126651] systemd[1]: Listening on Journal Socket (/dev/log).
[[0;32m  OK  [0m] Listening on Journal Socket (/dev/log).
[   17.200668] systemd[1]: Listening on udev Kernel Socket.
[[0;32m  OK  [0m] Listening on udev Kernel Socket.
[   17.207435] iscsi: registered transport (tcp)
[   17.232875] systemd[1]: Starting Uncomplicated firewall...
         Starting Uncomplicated firewall...
[   17.241753] systemd[1]: Set up automount Arbitrary Executable File Formats File System Automount Point.
[[0;32m  OK  [0m] Set up automount Arbitrary Executab...ats File System Automount Point.
[   17.417791] systemd[1]: Listening on Syslog Socket.
[[0;32m  OK  [0m] Listening on Syslog Socket.
[   17.433361] systemd[1]: Starting Journal Service...
         Starting Journal Service...
[   17.512876] systemd[1]: Created slice User and Session Slice.
[   17.534986] iscsi: registered transport (iser)
[[0;32m  OK  [0m] Created slice User and Session Slice.
[   17.637695] systemd[1]: Reached target Slices.
[[0;32m  OK  [0m] Reached target Slices.
[   17.667109] systemd[1]: Listening on LVM2 poll daemon socket.
[[0;32m  OK  [0m] Listening on LVM2 poll daemon socket.
[   17.720486] systemd[1]: Reached target Swap.
[[0;32m  OK  [0m] Reached target Swap.
[   17.724411] systemd[1]: Started Forward Password Requests to Wall Directory Watch.
[[0;32m  OK  [0m] Started Forward Password Requests to Wall Directory Watch.
[   17.749537] systemd[1]: Starting Set console keymap...
         Starting Set console keymap...
[   17.770033] systemd[1]: Listening on Device-mapper event daemon FIFOs.
[[0;32m  OK  [0m] Listening on Device-mapper event daemon FIFOs.
[   17.930814] systemd[1]: Starting Monitoring of LVM2 mirrors, snapshots etc. using dmeventd or progress polling...
         Starting Monitoring of LVM2 mirrors... dmeventd or progress polling...
[   17.947912] systemd[1]: Listening on udev Control Socket.
[[0;32m  OK  [0m] Listening on udev Control Socket.
[   17.951974] systemd[1]: Reached target User and Group Name Lookups.
[[0;32m  OK  [0m] Reached target User and Group Name Lookups.
[   18.042569] systemd[1]: Mounted Huge Pages File System.
[[0;32m  OK  [0m] Mounted Huge Pages File System.
[   18.138318] systemd[1]: Mounted POSIX Message Queue File System.
[[0;32m  OK  [0m] Mounted POSIX Message Queue File System.
[   18.168877] systemd[1]: Mounted Debug File System.
[[0;32m  OK  [0m] Mounted Debug File System.
[   18.174747] systemd[1]: Started Journal Service.
[[0;32m  OK  [0m] Started Journal Service.
[[0;32m  OK  [0m] Started Create list of required sta...ce nodes for the current kernel.
[[0;32m  OK  [0m] Started Remount Root and Kernel File Systems.
[[0;32m  OK  [0m] Started Load Kernel Modules.
[[0;32m  OK  [0m] Started Uncomplicated firewall.
[[0;32m  OK  [0m] Started Nameserver information manager.
[[0;32m  OK  [0m] Started Set console keymap.
[[0;32m  OK  [0m] Started LVM2 metadata daemon.
         Starting Apply Kernel Variables...
         Mounting FUSE Control File System...
         Starting Load/Save Random Seed...
         Starting udev Coldplug all Devices...
         Starting Create Static Device Nodes in /dev...
         Starting Flush Journal to Persistent Storage...
[[0;32m  OK  [0m] Mounted FUSE Control File System.
[[0;32m  OK  [0m] Started Apply Kernel Variables.
[[0;32m  OK  [0m] Started Load/Save Random Seed.
[[0;32m  OK  [0m] Started Monitoring of LVM2 mirrors,...ng dmeventd or progress polling.
[[0;32m  OK  [0m] Started Create Static Device Nodes in /dev.
         Starting udev Kernel Device Manager...
[[0;32m  OK  [0m] Reached target Local File Systems (Pre).
[[0;32m  OK  [0m] Reached target Local File Systems.
         Starting Set console font and keymap...
         Starting LSB: AppArmor initialization...
         Starting Initial cloud-init job (pre-networking)...
         Starting Tell Plymouth To Write Out Runtime Data...
         Starting Commit a transient machine-id on disk...
[[0;32m  OK  [0m] Started Flush Journal to Persistent Storage.
[[0;32m  OK  [0m] Started Tell Plymouth To Write Out Runtime Data.
[[0;32m  OK  [0m] Started Commit a transient machine-id on disk.
         Starting Create Volatile Files and Directories...
[[0;32m  OK  [0m] Started udev Kernel Device Manager.
[[0;32m  OK  [0m] Started Create Volatile Files and Directories.
         Starting Update UTMP about System Boot/Shutdown...
[[0;32m  OK  [0m] Started Update UTMP about System Boot/Shutdown.
[[0;32m  OK  [0m] Started udev Coldplug all Devices.
[[0;32m  OK  [0m] Started Dispatch Password Requests to Console Directory Watch.
[[0;32m  OK  [0m] Found device /dev/ttyS0.
[[0;32m  OK  [0m] Listening on Load/Save RF Kill Switch Status /dev/rfkill Watch.
[[0;32m  OK  [0m] Started LSB: AppArmor initialization.
[   34.746171] cloud-init[467]: Cloud-init v. 19.1-1-gbaa47854-0ubuntu1~16.04.1 running 'init-local' at Fri, 23 Aug 2019 16:33:28 +0000. Up 30.40 seconds.
[[0;32m  OK  [0m] Started Initial cloud-init job (pre-networking).
[[0;32m  OK  [0m] Reached target Network (Pre).
         Starting Raise network interfaces...
[[0;32m  OK  [0m] Started Set console font and keymap.
[[0;32m  OK  [0m] Created slice system-getty.slice.
[[0;32m  OK  [0m] Started Raise network interfaces.
[[0;32m  OK  [0m] Reached target Network.
         Starting Initial cloud-init job (metadata service crawler)...
[   45.735611] cloud-init[949]: Cloud-init v. 19.1-1-gbaa47854-0ubuntu1~16.04.1 running 'init' at Fri, 23 Aug 2019 16:33:40 +0000. Up 41.66 seconds.
[   45.847479] cloud-init[949]: ci-info: ++++++++++++++++++++++++++++++++++++++Net device info++++++++++++++++++++++++++++++++++++++
[   45.858123] cloud-init[949]: ci-info: +--------+------+----------------------------+---------------+--------+-------------------+
[   45.873580] cloud-init[949]: ci-info: | Device |  Up  |          Address           |      Mask     | Scope  |     Hw-Address    |
[   46.076421] cloud-init[949]: [ci-info: +--------+------+----------------------------+---------------+--------+-------------------+
[   46.144231] cloud-init[949]: ci-info: | enp0s3 | True |         10.0.2.15          | 255.255.255.0 | global | 02:6a:5b:40:72:6f |
[   46.144778] cloud-init[949]: ci-info: | enp0s3 | True | fe80::6a:5bff:fe40:726f/64 |       .       |  link  | 02:6a:5b:40:72:6f |
[0;32m  OK  [0m] Started Initial cloud-init job (metadata service crawler).
[   46.145799] cloud-init[949]: ci-info: |   lo   | True |         127.0.0.1          |   255.0.0.0   |  host  |         .         |
[   46.209937] cloud-init[949]: ci-info: |   lo   | True |          ::1/128           |       .       |  host  |         .         |
[   46.222559] [[0;32m  OK  [0m] Reached target Cloud-config availability.
[[0;32m  OK  [0m] Reached target System Initialization.
[[0;32m  OK  [0m] Listening on ACPID Listen Socket.
         Starting Socket activation for snappy daemon.
[[0;32m  OK  [0m] Started Daily Cleanup of Temporary Directories.
cloud-init[949]: ci-info: +--------+------+----------------------------+---------------+--------+-------------------+
[   46.251273] cloud-init[949]: ci-info: +++++++++++++++++++++++++++Route IPv4 info++++++++++++++++++++++++++++
[   46.271736] cloud-init[949]: ci-info: +-------+-------------+----------+---------------+-----------+-------+
[   46.317353] cloud-init[949]: ci-info: | Route | Destination | Gateway  |    Genmask    | Interface | Flags |
         Starting LXD - unix socket.
[   46.332343] cloud-init[949]: ci-info: +-------+-------------+----------+---------------+-----------+-------+
[   46.337579] cloud-init[949]: ci-info: |   0   |   0.0.0.0   | 10.0.2.2 |    0.0.0.0    |   enp0s3  |   UG  |
[   46.337885] cloud-init[949]: ci-info: |   1   |   10.0.2.0  | 0.0.0.0  | 255.255.255.0 |   enp0s3  |   U   |
[   46.338252] cloud-init[949]: ci-info: +-------+-------------+----------+---------------+-----------+-------+
[   46.339091] cloud-init[949]: ci-info: +++++++++++++++++++Route IPv6 info+++++++++++++++++++
[   46.339354] cloud-init[949]: ci-info: +-------+-------------+---------+-----------+-------+
[   46.339653] cloud-init[949]: ci-info: | Route | Destination | Gateway | Interface | Flags |
[   46.339947] cloud-init[949]: ci-info: +-------+-------------+---------+-----------+-------+
[   46.340162] cloud-init[949]: ci-info: |   0   |  fe80::/64  |    ::   |   enp0s3  |   U   |
[[0;32m  OK  [0m] Listening on UUID daemon activation socket.
[   46.342366] cloud-init[949]: ci-info: |   4   |   ff00::/8  |    ::   |   enp0s3  |   U   |
[   46.481064] cloud-init[949]: ci-info: +-------+-------------+---------+-----------+-------+
[[0;32m  OK  [0m] Started ACPI Events Check.
[[0;32m  OK  [0m] Reached target Paths.
[   46.484987] cloud-init[949]: Generating public/private rsa key pair.
[[0;32m  OK  [0m] Listening on D-Bus System Message Bus Socket.
[[0;32m  OK  [0m] Started Daily apt download activities.
[   46.552952] cloud-init[949]: Your identification has been saved in /etc/ssh/ssh_host_rsa_key.
[   46.556991] cloud-init[949]: Your public key has been saved in /etc/ssh/ssh_host_rsa_key.pub.
[[0;32m  OK  [0m] Started Daily apt upgrade and clean activities.
[   46.561698] cloud-init[949]: The key fingerprint is:
[[0;32m  OK  [0m] Reached target Timers.
[   46.566849] cloud-init[949]: SHA256:/1JrHckeck69uEiLK0EjnS77uGH3mkRljFQnrh3u04g root@ubuntu-xenial
[[0;32m  OK  [0m] Reached target Network is Online.
[   46.592330] cloud-init[949]: The key's randomart image is:
[   46.609095] cloud-init[949]: +---[RSA 2048]----+
         Starting iSCSI initiator daemon (iscsid)...
[[0;32m  OK  [0m] Listening on Socket activation for snappy daemon.
[[0;32m  OK  [0m] Listening on LXD - unix socket.
[   46.671350] cloud-init[949]: |       ..o .     |
[[0;32m  OK  [0m[   46.708483] cloud-init[949]: |      . + o      |
[   46.708716] cloud-init[949]: |      ...*       |
[   46.708942] cloud-init[949]: |     . =* .      |
[   46.709168] cloud-init[949]: |      +oSo   . o |
[   46.709484] cloud-init[949]: |     ..oo.o o B .|
[   46.709711] cloud-init[949]: |     ooE.+.+ O.o.|
[   46.709936] cloud-init[949]: |    ..=.o =.=.+. |
[   46.710158] cloud-init[949]: |     oo+o+.=...  |
[   46.710381] cloud-init[949]: +----[SHA256]-----+
[   46.710621] cloud-init[949]: Generating public/private dsa key pair.
[   46.710842] cloud-init[949]: Your identification has been saved in /etc/ssh/ssh_host_dsa_key.
[   46.711075] cloud-init[949]: Your public key has been saved in /etc/ssh/ssh_host_dsa_key.pub.
[   46.711335] cloud-init[949]: The key fingerprint is:
[   46.711561] cloud-init[949]: SHA256:cNEp3oOyCVdD+nk+eiSI88SwGpJav7q1TLb0S2tUJ+w root@ubuntu-xenial
[   46.711800] cloud-init[949]: The key's randomart image is:
] Reached target Sockets.
[   46.749046] cloud-init[949]: +---[DSA 1024]----+
[   46.809219] cloud-init[949]: |       .o. .     |
[   46.809439] cloud-init[949]: |       .+.o      |
[   46.809659] cloud-init[949]: |      o+.=       |
[   46.811146] cloud-init[949]: |    o o+*.+      |
[[0;32m  OK  [0m] Reached target Basic System.
[   46.816920] cloud-init[949]: | .   B BSo..     |[
[   46.871357] cloud-init[949]: |o o + B Eo.      |
[   46.871889] cloud-init[949]: |.o +==.  oo      |
[   46.884381] cloud-init[949]: |. .*.=o. ...     |
[   46.884618] cloud-init[949]: |  oo=o+...       |
[   46.884839] cloud-init[949]: +----[SHA256]-----+
[   46.885057] cloud-init[949]: Generating public/private ecdsa key pair.
[   46.885277] cloud-init[949]: Your identification has been saved in /etc/ssh/ssh_host_ecdsa_key.
[   46.885497] cloud-init[949]: Your public key has been saved in /etc/ssh/ssh_host_ecdsa_key.pub.
[   46.885727] cloud-init[949]: The key fingerprint is:
[   46.885988] cloud-init[949]: SHA256:IJ71NGUUOxUsTEAeyngQ+vv6BXi8bBl/Ihjq07Sgz0g root@ubuntu-xenial
[   46.886893] cloud-init[949]: The key's randomart image is:
[   46.887141] cloud-init[949]: +---[ECDSA 256]---+
[   46.887362] cloud-init[949]: |    o. .+=*oo.   |
[   46.887578] cloud-init[949]: |   . + o +oo.    |
[   46.887803] cloud-init[949]: |  . o * + o.     |
[   46.888034] cloud-init[949]: |   o B + . .     |
[   46.888260] cloud-init[949]: |    * = S        |
[   46.888479] cloud-init[949]: |  ...* *         |
[   46.888697] cloud-init[949]: | E.+o.* + .      |
[   46.888923] cloud-init[949]: |o+. oo o o       |
[   46.889141] cloud-init[949]: |..+..oo          |
[   46.889422] cloud-init[949]: +----[SHA256]-----+
[   46.889641] cloud-init[949]: Generating public/private ed25519 key pair.
[   46.889859] cloud-init[949]: Your identification has been saved in /etc/ssh/ssh_host_ed25519_key.
[   46.890085] cloud-init[949]: Your public key has been saved in /etc/ssh/ssh_host_ed25519_key.pub.
[   46.890304] cloud-init[949]: The key fingerprint is:
[   46.890522] cloud-init[949]: SHA256:Uw+pJdlpVp6gV1EY0SSTv72AeclDWkutkNHbxMfdM4E root@ubuntu-xenial
[   46.890754] cloud-init[949]: The key's randomart image is:
[   46.890972] cloud-init[949]: +--[ED25519 256]--+
[   46.891197] cloud-init[949]: |          . XX=o+|
[   46.891415] cloud-init[949]: |         + OoE.==|
[   46.891632] cloud-init[949]: |        + @ =.= +|
[   46.891866] cloud-init[949]: |         O = =.o |
[0;32m  OK  [0m] Started D-Bus System Message Bus.
[   46.952539] cloud-init[949]: |        S   @ +o |
[   47.136285] cloud-init[949]: |         . + O. .|
[   47.138961] cloud-init[949]: |            . o .|
[   47.164544] cloud-init[949]: |               . |
[   47.167628] cloud-init[949]: |                 |
[   47.175174] cloud-init[949]: +----[SHA256]-----+
[[0;32m  OK  [0m] Started Regular background program processing daemon.
[[0;32m  OK  [0m] Started FUSE filesystem for LXC.
         Starting System Logging Service...
         Starting LSB: Record successful boot for GRUB...
         Starting Login Service...
         Starting LSB: MD monitoring daemon...
         Starting Pollinate to seed the pseudo random number generator...
[[0;32m  OK  [0m] Started Deferred execution scheduler.
[[0;32m  OK  [0m] Started ACPI event daemon.
         Starting Accounts Service...
         Starting LXD - container startup/shutdown...
         Starting /etc/rc.local Compatibility...
         Starting Virtualbox guest utils...
         Starting Snappy daemon...
[[0;32m  OK  [0m] Started System Logging Service.
[[0;32m  OK  [0m] Started /etc/rc.local Compatibility.
[[0;32m  OK  [0m] Started Login Service.
[[0;32m  OK  [0m] Started Unattended Upgrades Shutdown.
[[0;32m  OK  [0m] Started iSCSI initiator daemon (iscsid).
         Starting Login to default iSCSI targets...
         Starting Authenticate and Authorize Users to Run Privileged Tasks...
[[0;32m  OK  [0m] Started LSB: MD monitoring daemon.
[[0;32m  OK  [0m] Started LSB: Record successful boot for GRUB.
[[0;32m  OK  [0m] Started Login to default iSCSI targets.
[[0;32m  OK  [0m] Reached target Remote File Systems (Pre).
[[0;32m  OK  [0m] Reached target Remote File Systems.
         Starting LSB: automatic crash report generation...
         Starting LSB: Set the CPU Frequency Scaling governor to "ondemand"...
         Starting Permit User Sessions...
         Starting LSB: daemon to balance interrupts for SMP systems...
[[0;32m  OK  [0m] Started Authenticate and Authorize Users to Run Privileged Tasks.
[[0;32m  OK  [0m] Started Accounts Service.
[[0;32m  OK  [0m] Started Permit User Sessions.
         Starting Terminate Plymouth Boot Screen...
         Starting Hold until boot process finishes up...
[[0;32m  OK  [0m] Started LSB: Set the CPU Frequency Scaling governor to "ondemand".
[[0;32m  OK  [0m] Started Terminate Plymouth Boot Screen.
[[0;32m  OK  [0m] Started LXD - container startup/shutdown.
[[0;32m  OK  [0m] Started Hold until boot process finishes up.
         Starting Set console scheme...
[[0;32m  OK  [0m] Started Serial Getty on ttyS0.
[[0;32m  OK  [0m] Started Getty on tty1.
[[0;32m  OK  [0m] Reached target Login Prompts.
[[0;32m  OK  [0m] Started Set console scheme.
[[0;32m  OK  [0m] Started Virtualbox guest utils.
[[0;32m  OK  [0m] Started LSB: automatic crash report generation.
[[0;32m  OK  [0m] Started LSB: daemon to balance interrupts for SMP systems.
[[0;32m  OK  [0m] Started Snappy daemon.
         Starting Wait until snapd is fully seeded...
[[0;32m  OK  [0m] Started Pollinate to seed the pseudo random number generator.
         Starting OpenBSD Secure Shell server...
[[0;32m  OK  [0m] Started OpenBSD Secure Shell server.
[[0;32m  OK  [0m] Created slice User Slice of vagrant.
         Starting User Manager for UID 1000...
[[0;32m  OK  [0m] Started Session 1 of user vagrant.
[[0;32m  OK  [0m] Started User Manager for UID 1000.

Ubuntu 16.04.6 LTS ubuntu-xenial ttyS0

ubuntu-xenial login: [   64.999264] cloud-init[1387]: Generating locales (this might take a while)...
[   72.653036] cloud-init[1387]:   en_US.UTF-8... done
[   72.654352] cloud-init[1387]: Generation complete.
[   76.586255] cloud-init[1387]: Cloud-init v. 19.1-1-gbaa47854-0ubuntu1~16.04.1 running 'modules:config' at Fri, 23 Aug 2019 16:34:01 +0000. Up 63.47 seconds.
ci-info: no authorized ssh keys fingerprints found for user ubuntu.
<14>Aug 23 16:34:18 ec2: 
<14>Aug 23 16:34:18 ec2: #############################################################
<14>Aug 23 16:34:18 ec2: -----BEGIN SSH HOST KEY FINGERPRINTS-----
<14>Aug 23 16:34:18 ec2: 1024 SHA256:cNEp3oOyCVdD+nk+eiSI88SwGpJav7q1TLb0S2tUJ+w root@ubuntu-xenial (DSA)
<14>Aug 23 16:34:18 ec2: 256 SHA256:IJ71NGUUOxUsTEAeyngQ+vv6BXi8bBl/Ihjq07Sgz0g root@ubuntu-xenial (ECDSA)
<14>Aug 23 16:34:18 ec2: 256 SHA256:Uw+pJdlpVp6gV1EY0SSTv72AeclDWkutkNHbxMfdM4E root@ubuntu-xenial (ED25519)
<14>Aug 23 16:34:18 ec2: 2048 SHA256:/1JrHckeck69uEiLK0EjnS77uGH3mkRljFQnrh3u04g root@ubuntu-xenial (RSA)
<14>Aug 23 16:34:18 ec2: -----END SSH HOST KEY FINGERPRINTS-----
<14>Aug 23 16:34:18 ec2: #############################################################
-----BEGIN SSH HOST KEY KEYS-----
ecdsa-sha2-nistp256 AAAAE2VjZHNhLXNoYTItbmlzdHAyNTYAAAAIbmlzdHAyNTYAAABBBJ4CtM8cSWvCE9WDG07zZkJzWVzVDHno/c1NH0sXqwYzRGd8cxz3F0X6CSL4ZOI+XQSQ00wBoOoE30VJhsaHEdU= root@ubuntu-xenial
ssh-ed25519 AAAAC3NzaC1lZDI1NTE5AAAAIL9V72Eih2ZecoCkxOtNwMSpez2AHNfk5UrI+TT8b3y+ root@ubuntu-xenial
ssh-rsa AAAAB3NzaC1yc2EAAAADAQABAAABAQDGugdAMXkKlg8+EZ7+bn8aSZSYOSQbvtIbVfKUnt+0Y+hU6wOXrAilPyP5Xia8QVcxjrWhJbWMKhFe64t0y9Auar2B0ywFINDw0Br+FhGElLlRL/40qmLRn9V8p44PX77bf9roxv1EbbNIkGxsr+fSdoIymUCFW56d913fy0XfJxyKOJyRT8sFXqVzFyUpUyAoGnWikeQu4YAGekGHLaBQCJxnH6PICBTcG/lYSnbkIRnFj4ncXAWQ3MuOb4ZLHwvxBm3V+jno/KHQnEHxkKH659KmgVe8xL2yg/qG1RrEGqwUY8UySd1CmzwkSSNA63GHK7RpTOZ+PnkHvh50K447 root@ubuntu-xenial
-----END SSH HOST KEY KEYS-----
[   80.249908] cloud-init[1575]: Cloud-init v. 19.1-1-gbaa47854-0ubuntu1~16.04.1 running 'modules:final' at Fri, 23 Aug 2019 16:34:17 +0000. Up 79.02 seconds.
[   80.251109] cloud-init[1575]: ci-info: no authorized ssh keys fingerprints found for user ubuntu.
[   80.251715] cloud-init[1575]: Cloud-init v. 19.1-1-gbaa47854-0ubuntu1~16.04.1 finished at Fri, 23 Aug 2019 16:34:18 +0000. Datasource DataSourceNoCloud [seed=/dev/sdb][dsmode=net].  Up 80.15 seconds
