[    0.000000] Initializing cgroup subsys cpuset
[    0.000000] Initializing cgroup subsys cpu
[    0.000000] Initializing cgroup subsys cpuacct
[    0.000000] Linux version 4.4.0-159-generic (buildd@lgw01-amd64-042) (gcc version 5.4.0 20160609 (Ubuntu 5.4.0-6ubuntu1~16.04.10) ) #187-Ubuntu SMP Thu Aug 1 16:28:06 UTC 2019 (Ubuntu 4.4.0-159.187-generic 4.4.185)
[    0.000000] Command line: BOOT_IMAGE=/boot/vmlinuz-4.4.0-159-generic root=LABEL=cloudimg-rootfs ro console=tty1 console=ttyS0
[    0.000000] KERNEL supported cpus:
[    0.000000]   Intel GenuineIntel
[    0.000000]   AMD AuthenticAMD
[    0.000000]   Centaur CentaurHauls
[    0.000000] x86/fpu: Legacy x87 FPU detected.
[    0.000000] e820: BIOS-provided physical RAM map:
[    0.000000] BIOS-e820: [mem 0x0000000000000000-0x000000000009fbff] usable
[    0.000000] BIOS-e820: [mem 0x000000000009fc00-0x000000000009ffff] reserved
[    0.000000] BIOS-e820: [mem 0x00000000000f0000-0x00000000000fffff] reserved
[    0.000000] BIOS-e820: [mem 0x0000000000100000-0x000000002cfeffff] usable
[    0.000000] BIOS-e820: [mem 0x000000002cff0000-0x000000002cffffff] ACPI data
[    0.000000] BIOS-e820: [mem 0x00000000fec00000-0x00000000fec00fff] reserved
[    0.000000] BIOS-e820: [mem 0x00000000fee00000-0x00000000fee00fff] reserved
[    0.000000] BIOS-e820: [mem 0x00000000fffc0000-0x00000000ffffffff] reserved
[    0.000000] NX (Execute Disable) protection: active
[    0.000000] SMBIOS 2.5 present.
[    0.000000] Hypervisor detected: KVM
[    0.000000] e820: last_pfn = 0x2cff0 max_arch_pfn = 0x400000000
[    0.000000] MTRR: Disabled
[    0.000000] x86/PAT: MTRRs disabled, skipping PAT initialization too.
[    0.000000] CPU MTRRs all blank - virtualized system.
[    0.000000] x86/PAT: Configuration [0-7]: WB  WT  UC- UC  WB  WT  UC- UC  
[    0.000000] found SMP MP-table at [mem 0x0009fff0-0x0009ffff] mapped at [ffff88000009fff0]
[    0.000000] Scanning 1 areas for low memory corruption
[    0.000000] RAMDISK: [mem 0x2b961000-0x2c7dcfff]
[    0.000000] ACPI: Early table checksum verification disabled
[    0.000000] ACPI: RSDP 0x00000000000E0000 000024 (v02 VBOX  )
[    0.000000] ACPI: XSDT 0x000000002CFF0030 00003C (v01 VBOX   VBOXXSDT 00000001 ASL  00000061)
[    0.000000] ACPI: FACP 0x000000002CFF00F0 0000F4 (v04 VBOX   VBOXFACP 00000001 ASL  00000061)
[    0.000000] ACPI: DSDT 0x000000002CFF0470 0021FF (v02 VBOX   VBOXBIOS 00000002 INTL 20180105)
[    0.000000] ACPI: FACS 0x000000002CFF0200 000040
[    0.000000] ACPI: FACS 0x000000002CFF0200 000040
[    0.000000] ACPI: APIC 0x000000002CFF0240 000054 (v02 VBOX   VBOXAPIC 00000001 ASL  00000061)
[    0.000000] ACPI: SSDT 0x000000002CFF02A0 0001CC (v01 VBOX   VBOXCPUT 00000002 INTL 20180105)
[    0.000000] No NUMA configuration found
[    0.000000] Faking a node at [mem 0x0000000000000000-0x000000002cfeffff]
[    0.000000] NODE_DATA(0) allocated [mem 0x2cfeb000-0x2cfeffff]
[    0.000000] kvm-clock: Using msrs 4b564d01 and 4b564d00
[    0.000000] kvm-clock: cpu 0, msr 0:2cfe3001, primary cpu clock
[    0.000000] kvm-clock: using sched offset of 7368641744 cycles
[    0.000000] clocksource: kvm-clock: mask: 0xffffffffffffffff max_cycles: 0x1cd42e4dffb, max_idle_ns: 881590591483 ns
[    0.000000] Zone ranges:
[    0.000000]   DMA      [mem 0x0000000000001000-0x0000000000ffffff]
[    0.000000]   DMA32    [mem 0x0000000001000000-0x000000002cfeffff]
[    0.000000]   Normal   empty
[    0.000000]   Device   empty
[    0.000000] Movable zone start for each node
[    0.000000] Early memory node ranges
[    0.000000]   node   0: [mem 0x0000000000001000-0x000000000009efff]
[    0.000000]   node   0: [mem 0x0000000000100000-0x000000002cfeffff]
[    0.000000] Initmem setup node 0 [mem 0x0000000000001000-0x000000002cfeffff]
[    0.000000] ACPI: PM-Timer IO Port: 0x4008
[    0.000000] IOAPIC[0]: apic_id 1, version 32, address 0xfec00000, GSI 0-23
[    0.000000] ACPI: INT_SRC_OVR (bus 0 bus_irq 0 global_irq 2 dfl dfl)
[    0.000000] ACPI: INT_SRC_OVR (bus 0 bus_irq 9 global_irq 9 low level)
[    0.000000] Using ACPI (MADT) for SMP configuration information
[    0.000000] smpboot: Allowing 1 CPUs, 0 hotplug CPUs
[    0.000000] PM: Registered nosave memory: [mem 0x00000000-0x00000fff]
[    0.000000] PM: Registered nosave memory: [mem 0x0009f000-0x0009ffff]
[    0.000000] PM: Registered nosave memory: [mem 0x000a0000-0x000effff]
[    0.000000] PM: Registered nosave memory: [mem 0x000f0000-0x000fffff]
[    0.000000] e820: [mem 0x2d000000-0xfebfffff] available for PCI devices
[    0.000000] Booting paravirtualized kernel on KVM
[    0.000000] clocksource: refined-jiffies: mask: 0xffffffff max_cycles: 0xffffffff, max_idle_ns: 7645519600211568 ns
[    0.000000] setup_percpu: NR_CPUS:512 nr_cpumask_bits:512 nr_cpu_ids:1 nr_node_ids:1
[    0.000000] PERCPU: Embedded 34 pages/cpu @ffff88002cc00000 s99544 r8192 d31528 u2097152
[    0.000000] Built 1 zonelists in Node order, mobility grouping on.  Total pages: 181304
[    0.000000] Policy zone: DMA32
[    0.000000] Kernel command line: BOOT_IMAGE=/boot/vmlinuz-4.4.0-159-generic root=LABEL=cloudimg-rootfs ro console=tty1 console=ttyS0
[    0.000000] PID hash table entries: 4096 (order: 3, 32768 bytes)
[    0.000000] Memory: 690660K/736824K available (8618K kernel code, 1335K rwdata, 4032K rodata, 1488K init, 1284K bss, 46164K reserved, 0K cma-reserved)
[    0.000000] SLUB: HWalign=64, Order=0-3, MinObjects=0, CPUs=1, Nodes=1
[    0.000000] Kernel/User page tables isolation: enabled
[    0.000000] Hierarchical RCU implementation.
[    0.000000] 	Build-time adjustment of leaf fanout to 64.
[    0.000000] 	RCU restricting CPUs from NR_CPUS=512 to nr_cpu_ids=1.
[    0.000000] RCU: Adjusting geometry for rcu_fanout_leaf=64, nr_cpu_ids=1
[    0.000000] NR_IRQS:33024 nr_irqs:256 16
[    0.000000] Console: colour VGA+ 80x25
[    0.000000] console [tty1] enabled
[    0.000000] console [ttyS0] enabled
[    0.000000] tsc: Detected 2992.498 MHz processor
[    0.710360] Calibrating delay loop (skipped) preset value.. 5984.99 BogoMIPS (lpj=11969992)
[    0.713384] pid_max: default: 32768 minimum: 301
[    0.714955] ACPI: Core revision 20150930
[    0.717631] ACPI: 2 ACPI AML tables successfully acquired and loaded
[    0.719860] Security Framework initialized
[    0.721344] Yama: becoming mindful.
[    0.722739] AppArmor: AppArmor initialized
[    0.724333] Dentry cache hash table entries: 131072 (order: 8, 1048576 bytes)
[    0.726859] Inode-cache hash table entries: 65536 (order: 7, 524288 bytes)
[    0.729091] Mount-cache hash table entries: 2048 (order: 2, 16384 bytes)
[    0.731164] Mountpoint-cache hash table entries: 2048 (order: 2, 16384 bytes)
[    0.733745] Initializing cgroup subsys io
[    0.735191] Initializing cgroup subsys memory
[    0.736728] Initializing cgroup subsys devices
[    0.738275] Initializing cgroup subsys freezer
[    0.739797] Initializing cgroup subsys net_cls
[    0.741348] Initializing cgroup subsys perf_event
[    0.742940] Initializing cgroup subsys net_prio
[    0.744480] Initializing cgroup subsys hugetlb
[    0.746224] Initializing cgroup subsys pids
[    0.805228] mce: CPU supports 0 MCE banks
[    0.806721] process: using mwait in idle threads
[    0.808329] Last level iTLB entries: 4KB 128, 2MB 4, 4MB 4
[    0.810092] Last level dTLB entries: 4KB 256, 2MB 0, 4MB 32, 1GB 0
[    0.812053] Spectre V1 : Mitigation: usercopy/swapgs barriers and __user pointer sanitization
[    0.814994] Spectre V2 : Mitigation: Full generic retpoline
[    0.816771] Spectre V2 : Spectre v2 / SpectreRSB mitigation: Filling RSB on context switch
[    0.819654] Speculative Store Bypass: Vulnerable
[    0.821996] MDS: Vulnerable: Clear CPU buffers attempted, no microcode
[    1.443395] Freeing SMP alternatives memory: 36K
[    1.455975] ftrace: allocating 32318 entries in 127 pages
[    1.573231] smpboot: APIC(0) Converting physical 0 to logical package 0
[    1.584948] smpboot: Max logical packages: 1
[    1.637740] x2apic enabled
[    1.639414] Switched APIC routing to physical x2apic.
[    1.643401] ..TIMER: vector=0x30 apic1=0 pin1=2 apic2=-1 pin2=-1
[    1.664094] APIC calibration not consistent with PM-Timer: 200ms instead of 100ms
[    1.666744] APIC delta adjusted to PM-Timer: 6249977 (12500671)
[    1.668656] smpboot: CPU0: Intel(R) Core(TM)2 Duo CPU     E8400  @ 3.00GHz (family: 0x6, model: 0x17, stepping: 0xa)
[    1.672319] Performance Events: unsupported p6 CPU model 23 no PMU driver, software events only.
[    1.867156] KVM setup paravirtual spinlock
[    1.870097] x86: Booted up 1 node, 1 CPUs
[    1.871544] smpboot: Total of 1 processors activated (5984.99 BogoMIPS)
[    1.874041] devtmpfs: initialized
[    1.877706] evm: security.selinux
[    1.879007] evm: security.SMACK64
[    1.880275] evm: security.SMACK64EXEC
[    1.881636] evm: security.SMACK64TRANSMUTE
[    1.883083] evm: security.SMACK64MMAP
[    1.884446] evm: security.ima
[    1.885636] evm: security.capability
[    1.887125] clocksource: jiffies: mask: 0xffffffff max_cycles: 0xffffffff, max_idle_ns: 7645041785100000 ns
[    1.890341] futex hash table entries: 256 (order: 2, 16384 bytes)
[    1.892395] pinctrl core: initialized pinctrl subsystem
[    1.949937] RTC time: 17:05:08, date: 08/23/19
[    1.951752] NET: Registered protocol family 16
[    1.953584] cpuidle: using governor ladder
[    1.955041] cpuidle: using governor menu
[    1.956465] PCCT header not found.
[    1.957804] ACPI: bus type PCI registered
[    1.959252] acpiphp: ACPI Hot Plug PCI Controller Driver version: 0.5
[    1.961352] PCI: Using configuration type 1 for base access
[    1.964662] ACPI: Added _OSI(Module Device)
[    1.966148] ACPI: Added _OSI(Processor Device)
[    1.967685] ACPI: Added _OSI(3.0 _SCP Extensions)
[    1.969286] ACPI: Added _OSI(Processor Aggregator Device)
[    1.971780] ACPI: Executed 1 blocks of module-level executable AML code
[    1.986340] ACPI: Interpreter enabled
[    1.987701] ACPI: (supports S0 S5)
[    1.989004] ACPI: Using IOAPIC for interrupt routing
[    1.990840] PCI: Using host bridge windows from ACPI; if necessary, use "pci=nocrs" and report a bug
[    1.998323] ACPI: PCI Root Bridge [PCI0] (domain 0000 [bus 00-ff])
[    2.056036] acpi PNP0A03:00: _OSC: OS supports [ASPM ClockPM Segments MSI]
[    2.058136] acpi PNP0A03:00: _OSC: not requesting OS control; OS requires [ExtendedConfig ASPM ClockPM MSI]
[    2.061331] acpi PNP0A03:00: fail to add MMCONFIG information, can't access extended PCI configuration space under this bridge.
[    2.065318] PCI host bridge to bus 0000:00
[    2.066785] pci_bus 0000:00: root bus resource [io  0x0000-0x0cf7 window]
[    2.068844] pci_bus 0000:00: root bus resource [io  0x0d00-0xffff window]
[    2.070908] pci_bus 0000:00: root bus resource [mem 0x000a0000-0x000bffff window]
[    2.073579] pci_bus 0000:00: root bus resource [mem 0x2d000000-0xfdffffff window]
[    2.076252] pci_bus 0000:00: root bus resource [bus 00-ff]
[    2.080385] pci 0000:00:01.1: legacy IDE quirk: reg 0x10: [io  0x01f0-0x01f7]
[    2.082540] pci 0000:00:01.1: legacy IDE quirk: reg 0x14: [io  0x03f6]
[    2.084541] pci 0000:00:01.1: legacy IDE quirk: reg 0x18: [io  0x0170-0x0177]
[    2.086718] pci 0000:00:01.1: legacy IDE quirk: reg 0x1c: [io  0x0376]
[    2.159675] pci 0000:00:07.0: quirk: [io  0x4000-0x403f] claimed by PIIX4 ACPI
[    2.165616] pci 0000:00:07.0: quirk: [io  0x4100-0x410f] claimed by PIIX4 SMB
[    2.174477] ACPI: PCI Interrupt Link [LNKA] (IRQs 5 9 10 *11)
[    2.198652] ACPI: PCI Interrupt Link [LNKB] (IRQs 5 9 *10 11)
[    2.201166] ACPI: PCI Interrupt Link [LNKC] (IRQs 5 *9 10 11)
[    2.203682] ACPI: PCI Interrupt Link [LNKD] (IRQs 5 9 10 *11)
[    2.257019] ACPI: Enabled 2 GPEs in block 00 to 07
[    2.259573] vgaarb: setting as boot device: PCI:0000:00:02.0
[    2.261390] vgaarb: device added: PCI:0000:00:02.0,decodes=io+mem,owns=io+mem,locks=none
[    2.264209] vgaarb: loaded
[    2.265362] vgaarb: bridge control possible 0000:00:02.0
[    2.267707] SCSI subsystem initialized
[    2.274674] ACPI: bus type USB registered
[    2.276181] usbcore: registered new interface driver usbfs
[    2.284408] usbcore: registered new interface driver hub
[    2.294114] usbcore: registered new device driver usb
[    2.296091] PCI: Using ACPI for IRQ routing
[    2.298277] NetLabel: Initializing
[    2.299633] NetLabel:  domain hash size = 128
[    2.301146] NetLabel:  protocols = UNLABELED CIPSOv4
[    2.302857] NetLabel:  unlabeled traffic allowed by default
[    2.305033] amd_nb: Cannot enumerate AMD northbridges
[    2.384282] clocksource: Switched to clocksource kvm-clock
[    2.397989] AppArmor: AppArmor Filesystem Enabled
[    2.465358] pnp: PnP ACPI init
[    2.468676] pnp: PnP ACPI: found 3 devices
[    2.477598] clocksource: acpi_pm: mask: 0xffffff max_cycles: 0xffffff, max_idle_ns: 2085701024 ns
[    2.480686] NET: Registered protocol family 2
[    2.514769] TCP established hash table entries: 8192 (order: 4, 65536 bytes)
[    2.576065] TCP bind hash table entries: 8192 (order: 5, 131072 bytes)
[    2.578175] TCP: Hash tables configured (established 8192 bind 8192)
[    2.580223] UDP hash table entries: 512 (order: 2, 16384 bytes)
[    2.582154] UDP-Lite hash table entries: 512 (order: 2, 16384 bytes)
[    2.584251] NET: Registered protocol family 1
[    2.585833] pci 0000:00:00.0: Limiting direct PCI/PCI transfers
[    2.614829] pci 0000:00:01.0: Activating ISA DMA hang workarounds
[    2.672864] Unpacking initramfs...
[    3.117271] Freeing initrd memory: 14832K
[    3.134552] clocksource: tsc: mask: 0xffffffffffffffff max_cycles: 0x2b2296bc2b9, max_idle_ns: 440795321505 ns
[    3.205480] platform rtc_cmos: registered platform RTC device (no PNP device found)
[    3.208304] Scanning for low memory corruption every 60 seconds
[    3.234823] audit: initializing netlink subsys (disabled)
[    3.236589] audit: type=2000 audit(1566579917.100:1): initialized
[    3.294659] Initialise system trusted keyring
[    3.296311] HugeTLB registered 2 MB page size, pre-allocated 0 pages
[    3.299852] zbud: loaded
[    3.301248] VFS: Disk quotas dquot_6.6.0
[    3.302745] VFS: Dquot-cache hash table entries: 512 (order 0, 4096 bytes)
[    3.315186] squashfs: version 4.0 (2009/01/31) Phillip Lougher
[    3.318164] fuse init (API version 7.23)
[    3.319741] Key type big_key registered
[    3.321213] Allocating IMA MOK and blacklist keyrings.
[    3.323340] Key type asymmetric registered
[    3.324838] Asymmetric key parser 'x509' registered
[    3.326508] Block layer SCSI generic (bsg) driver version 0.4 loaded (major 249)
[    3.329224] io scheduler noop registered
[    3.330635] io scheduler deadline registered (default)
[    3.332359] io scheduler cfq registered
[    3.333983] pci_hotplug: PCI Hot Plug PCI Core version: 0.5
[    3.335770] pciehp: PCI Express Hot Plug Controller Driver version: 0.4
[    3.337998] ACPI: AC Adapter [AC] (on-line)
[    3.339538] input: Power Button as /devices/LNXSYSTM:00/LNXPWRBN:00/input/input0
[    3.342198] ACPI: Power Button [PWRF]
[    3.399538] input: Sleep Button as /devices/LNXSYSTM:00/LNXSLPBN:00/input/input1
[    3.402212] ACPI: Sleep Button [SLPF]
[    3.403739] GHES: HEST is not enabled!
[    3.405272] Serial: 8250/16550 driver, 32 ports, IRQ sharing enabled
[    3.430506] 00:02: ttyS0 at I/O 0x3f8 (irq = 4, base_baud = 115200) is a 16550A
[    3.435196] Linux agpgart interface v0.103
[    3.438153] loop: module loaded
[    3.440190] scsi host0: ata_piix
[    3.443998] scsi host1: ata_piix
[    3.445321] ata1: PATA max UDMA/33 cmd 0x1f0 ctl 0x3f6 bmdma 0xd000 irq 14
[    3.447393] ata2: PATA max UDMA/33 cmd 0x170 ctl 0x376 bmdma 0xd008 irq 15
[    3.505881] libphy: Fixed MDIO Bus: probed
[    3.507343] tun: Universal TUN/TAP device driver, 1.6
[    3.509033] tun: (C) 1999-2004 Max Krasnyansky <maxk@qualcomm.com>
[    3.510996] PPP generic driver version 2.4.2
[    3.512566] ehci_hcd: USB 2.0 'Enhanced' Host Controller (EHCI) Driver
[    3.524608] ehci-pci: EHCI PCI platform driver
[    3.526145] ehci-platform: EHCI generic platform driver
[    3.527861] ohci_hcd: USB 1.1 'Open' Host Controller (OHCI) Driver
[    3.534659] ohci-pci: OHCI PCI platform driver
[    3.536210] ohci-platform: OHCI generic platform driver
[    3.537961] uhci_hcd: USB Universal Host Controller Interface driver
[    3.540000] i8042: PNP: PS/2 Controller [PNP0303:PS2K,PNP0f03:PS2M] at 0x60,0x64 irq 1,12
[    3.543547] serio: i8042 KBD port at 0x60,0x64 irq 1
[    3.545219] serio: i8042 AUX port at 0x60,0x64 irq 12
[    3.547029] mousedev: PS/2 mouse device common for all mice
[    3.549262] input: AT Translated Set 2 keyboard as /devices/platform/i8042/serio0/input/input2
[    3.552557] rtc_cmos rtc_cmos: rtc core: registered rtc_cmos as rtc0
[    3.618730] rtc_cmos rtc_cmos: alarms up to one day, 114 bytes nvram
[    3.621585] i2c /dev entries driver
[    3.623487] device-mapper: uevent: version 1.0.3
[    3.625850] device-mapper: ioctl: 4.34.0-ioctl (2015-10-28) initialised: dm-devel@redhat.com
[    3.630225] ledtrig-cpu: registered to indicate activity on CPUs
[    3.633519] NET: Registered protocol family 10
[    3.636715] NET: Registered protocol family 17
[    3.639421] Key type dns_resolver registered
[    3.642341] registered taskstats version 1
[    3.644856] Loading compiled-in X.509 certificates
[    3.649178] Loaded X.509 cert 'Build time autogenerated kernel key: d14182f9795b80ec340f636a5a08bf5817ccd8e7'
[    3.654777] zswap: loaded using pool lzo/zbud
[    3.713348] Key type trusted registered
[    3.738941] Key type encrypted registered
[    3.740603] AppArmor: AppArmor sha1 policy hashing enabled
[    3.742451] ima: No TPM chip found, activating TPM-bypass!
[    3.744321] ima: Allocated hash algorithm: sha1
[    3.745936] evm: HMAC attrs: 0x1
[    3.747634]   Magic number: 15:58:88
[    3.749138] rtc_cmos rtc_cmos: setting system clock to 2019-08-23 17:05:10 UTC (1566579910)
[    3.816384] BIOS EDD facility v0.16 2004-Jun-25, 0 devices found
[    3.818342] EDD information not available.
[    3.825032] Freeing unused kernel memory: 1488K
[    3.836303] Write protecting the kernel read-only data: 14336k
[    3.850771] Freeing unused kernel memory: 1608K
[    3.852659] Freeing unused kernel memory: 64K
Loading, please wait...
starting version 229
[    4.133973] random: udevadm: uninitialized urandom read (16 bytes read, 3 bits of entropy available)
[    4.154671] random: udevadm: uninitialized urandom read (16 bytes read, 3 bits of entropy available)
[    4.177120] random: systemd-udevd: uninitialized urandom read (16 bytes read, 3 bits of entropy available)
[    4.282011] random: udevadm: uninitialized urandom read (16 bytes read, 3 bits of entropy available)
[    4.346578] random: systemd-udevd: uninitialized urandom read (16 bytes read, 3 bits of entropy available)
[    4.349812] random: systemd-udevd: uninitialized urandom read (16 bytes read, 3 bits of entropy available)
[    4.353044] random: systemd-udevd: uninitialized urandom read (16 bytes read, 3 bits of entropy available)
[    4.358888] random: systemd-udevd: uninitialized urandom read (16 bytes read, 3 bits of entropy available)
[    4.362219] random: systemd-udevd: uninitialized urandom read (16 bytes read, 3 bits of entropy available)
[    4.365471] random: systemd-udevd: uninitialized urandom read (16 bytes read, 3 bits of entropy available)
[    5.189589] Fusion MPT base driver 3.04.20
[    5.264434] Copyright (c) 1999-2008 LSI Corporation
[    5.288302] e1000: Intel(R) PRO/1000 Network Driver - version 7.3.21-k8-NAPI
[    5.375042] e1000: Copyright (c) 1999-2006 Intel Corporation.
[    5.595146] input: ImExPS/2 Generic Explorer Mouse as /devices/platform/i8042/serio1/input/input4
[    5.986675] Fusion MPT SPI Host driver 3.04.20
[    6.657425] e1000 0000:00:03.0 eth0: (PCI:33MHz:32-bit) 02:6a:5b:40:72:6f
[    6.665061] e1000 0000:00:03.0 eth0: Intel(R) PRO/1000 Network Connection
[    6.672654] e1000 0000:00:03.0 enp0s3: renamed from eth0
[    6.674521] mptbase: ioc0: Initiating bringup
[    6.760706] ioc0: LSI53C1030 A0: Capabilities={Initiator}
[    6.921711] scsi host2: ioc0: LSI53C1030 A0, FwRev=00000000h, Ports=1, MaxQ=256, IRQ=20
[    7.033611] scsi 2:0:0:0: Direct-Access     VBOX     HARDDISK         1.0  PQ: 0 ANSI: 5
[    7.055641] scsi target2:0:0: Beginning Domain Validation
[    7.058360] scsi target2:0:0: Domain Validation skipping write tests
[    7.060302] scsi target2:0:0: Ending Domain Validation
[    7.062061] scsi target2:0:0: asynchronous
[    7.063906] scsi 2:0:1:0: Direct-Access     VBOX     HARDDISK         1.0  PQ: 0 ANSI: 5
[    7.066712] scsi target2:0:1: Beginning Domain Validation
[    7.069562] scsi target2:0:1: Domain Validation skipping write tests
[    7.071528] scsi target2:0:1: Ending Domain Validation
[    7.073318] scsi target2:0:1: asynchronous
[    7.079751] sd 2:0:0:0: Attached scsi generic sg0 type 0
[    7.081536] sd 2:0:0:0: [sda] 20971520 512-byte logical blocks: (10.7 GB/10.0 GiB)
[    7.120346] sd 2:0:1:0: [sdb] 20480 512-byte logical blocks: (10.5 MB/10.0 MiB)
[    7.124295] sd 2:0:1:0: Attached scsi generic sg1 type 0
[    7.126646] sd 2:0:1:0: [sdb] Write Protect is off
[    7.150524] sd 2:0:1:0: [sdb] Incomplete mode parameter data
[    7.152360] sd 2:0:1:0: [sdb] Assuming drive cache: write through
[    7.164376] sd 2:0:0:0: [sda] Write Protect is off
[    7.166110] sd 2:0:0:0: [sda] Incomplete mode parameter data
[    7.167922] sd 2:0:0:0: [sda] Assuming drive cache: write through
[    7.242647]  sda: sda1
[    7.275781] sd 2:0:1:0: [sdb] Attached SCSI disk
[    7.324816] sd 2:0:0:0: [sda] Attached SCSI disk
Begin: Loading essential drivers ... [   10.642640] md: linear personality registered for level -1
[   10.669402] md: multipath personality registered for level -4
[   10.763153] md: raid0 personality registered for level 0
[   10.853123] md: raid1 personality registered for level 1
[   11.048567] raid6: sse2x1   gen()  4763 MB/s
[   11.153673] raid6: sse2x1   xor()  3105 MB/s
[   11.258658] raid6: sse2x2   gen()  1877 MB/s
[   11.362737] raid6: sse2x2   xor()  3448 MB/s
[   11.463585] raid6: sse2x4   gen()  4068 MB/s
[   11.568696] raid6: sse2x4   xor()  3279 MB/s
[   11.574385] raid6: using algorithm sse2x1 gen() 4763 MB/s
[   11.576136] raid6: .... xor() 3105 MB/s, rmw enabled
[   11.577792] raid6: using ssse3x2 recovery algorithm
[   11.601458] xor: measuring software checksum speed
[   11.778578]    prefetch64-sse: 30089.000 MB/sec
[   11.983613]    generic_sse: 28452.000 MB/sec
[   12.004338] xor: using function: prefetch64-sse (30089.000 MB/sec)
[   12.016159] async_tx: api initialized (async)
[   12.188914] md: raid6 personality registered for level 6
[   12.194634] md: raid5 personality registered for level 5
[   12.196399] md: raid4 personality registered for level 4
[   12.395312] md: raid10 personality registered for level 10
done.
Begin: Running /scripts/init-premount ... done.
Begin: Mounting root file system ... Begin: Running /scripts/local-top ... done.
Begin: Running /scripts/local-premount ... [   12.724300] Btrfs loaded
Scanning for Btrfs filesystems
done.
Warning: fsck not present, so skipping root file system
[   13.167756] EXT4-fs (sda1): mounted filesystem with ordered data mode. Opts: (null)
done.
Begin: Running /scripts/local-bottom ... done.
Begin: Running /scripts/init-bottom ... done.
[   13.848476] random: nonblocking pool is initialized
[   14.155469] systemd[1]: systemd 229 running in system mode. (+PAM +AUDIT +SELINUX +IMA +APPARMOR +SMACK +SYSVINIT +UTMP +LIBCRYPTSETUP +GCRYPT +GNUTLS +ACL +XZ -LZ4 +SECCOMP +BLKID +ELFUTILS +KMOD -IDN)
[   14.187483] systemd[1]: Detected virtualization oracle.
[   14.189236] systemd[1]: Detected architecture x86-64.

Welcome to [1mUbuntu 16.04.6 LTS[0m!

[   14.211058] systemd[1]: Set hostname to <ubuntu>.
[   14.233761] systemd[1]: Initializing machine ID from random generator.
[   14.235944] systemd[1]: Installed transient /etc/machine-id file.
[   15.457241] systemd[1]: Reached target Encrypted Volumes.
[[0;32m  OK  [0m] Reached target Encrypted Volumes.
[   15.493891] systemd[1]: Created slice System Slice.
[[0;32m  OK  [0m] Created slice System Slice.
[   15.506123] systemd[1]: Listening on LVM2 metadata daemon socket.
[[0;32m  OK  [0m] Listening on LVM2 metadata daemon socket.
[   15.510138] systemd[1]: Reached target System Time Synchronized.
[[0;32m  OK  [0m] Reached target System Time Synchronized.
[   15.533375] systemd[1]: Listening on Journal Socket (/dev/log).
[[0;32m  OK  [0m] Listening on Journal Socket (/dev/log).
[   15.538210] systemd[1]: Created slice User and Session Slice.
[[0;32m  OK  [0m] Created slice User and Session Slice.
[   15.542106] systemd[1]: Reached target Slices.
[[0;32m  OK  [0m] Reached target Slices.
[   15.556457] systemd[1]: Listening on /dev/initctl Compatibility Named Pipe.
[[0;32m  OK  [0m] Listening on /dev/initctl Compatibility Named Pipe.
[   15.600778] systemd[1]: Listening on udev Control Socket.
[[0;32m  OK  [0m] Listening on udev Control Socket.
[   15.607883] systemd[1]: Listening on udev Kernel Socket.
[[0;32m  OK  [0m] Listening on udev Kernel Socket.
[   15.611835] systemd[1]: Started Trigger resolvconf update for networkd DNS.
[[0;32m  OK  [0m] Started Trigger resolvconf update for networkd DNS.
[   15.707988] systemd[1]: Reached target User and Group Name Lookups.
[[0;32m  OK  [0m] Reached target User and Group Name Lookups.
[   15.722492] systemd[1]: Reached target Swap.
[[0;32m  OK  [0m] Reached target Swap.
[   15.740197] systemd[1]: Started Forward Password Requests to Wall Directory Watch.
[[0;32m  OK  [0m] Started Forward Password Requests to Wall Directory Watch.
[   15.809015] systemd[1]: Listening on Journal Audit Socket.
[[0;32m  OK  [0m] Listening on Journal Audit Socket.
[   15.836872] systemd[1]: Set up automount Arbitrary Executable File Formats File System Automount Point.
[[0;32m  OK  [0m] Set up automount Arbitrary Executab...ats File System Automount Point.
[   15.842724] systemd[1]: Listening on Device-mapper event daemon FIFOs.
[[0;32m  OK  [0m] Listening on Device-mapper event daemon FIFOs.
[   15.873603] systemd[1]: Created slice system-serial\x2dgetty.slice.
[[0;32m  OK  [0m] Created slice system-serial\x2dgetty.slice.
[   15.878172] systemd[1]: Listening on Journal Socket.
[[0;32m  OK  [0m] Listening on Journal Socket.
[   15.906190] systemd[1]: Starting Set console keymap...
         Starting Set console keymap...
[   15.921623] systemd[1]: Mounting POSIX Message Queue File System...
         Mounting POSIX Message Queue File System...
[   16.019976] systemd[1]: Starting Nameserver information manager...
         Starting Nameserver information manager...
[   16.106894] systemd[1]: Starting Load Kernel Modules...
         Starting Load Kernel Modules...
[   16.339024] systemd[1]: Mounting Huge Pages File System...
         Mounting Huge Pages File System...
[   16.448959] systemd[1]: Starting Remount Root and Kernel File Systems...
         Starting Remount Root and Kernel File Systems...
[   16.559720] systemd[1]: Mounting Debug File System...
[   16.561921] Loading iSCSI transport class v2.0-870.
         Mounting Debug File System...
[   16.628505] systemd[1]: Starting Monitoring of LVM2 mirrors, snapshots etc. using dmeventd or progress polling...
[   16.752331] EXT4-fs (sda1): re-mounted. Opts: (null)
         Starting Monitoring of LVM2 mirrors... dmeventd or progress polling...
[   16.877813] systemd[1]: Starting Create list of required static device nodes for the current kernel...
[   16.971746] iscsi: registered transport (tcp)
         Starting Create list of required st... nodes for the current kernel...
[   17.058054] systemd[1]: Starting Uncomplicated firewall...
         Starting Uncomplicated firewall...
[   17.132761] systemd[1]: Listening on Syslog Socket.
[[0;32m  OK  [0m] Listening on Syslog Socket.
[   17.157610] systemd[1]: Starting Journal Service...
         Starting Journal Service...
[   17.354048] systemd[1]: Listening on LVM2 poll daemon socket.
[[0;32m  OK  [0m] Listening on LVM2 poll daemon socket.
[   17.371451] systemd[1]: Mounted Huge Pages File System.
[[0;32m  OK  [0m] Mounted Huge Pages File System.
[   17.554029] systemd[1]: Mounted POSIX Message Queue File System.
[[0;32m  OK  [0m] Mounted POSIX Message Queue File System.
[   17.646112] systemd[1]: Mounted Debug File System.
[[0;32m  OK  [0m] Mounted Debug File System.
[   17.689933] systemd[1]: Started Remount Root and Kernel File Systems.
[[0;32m  OK  [0m] Started Remount Root and Kernel File Systems.
[   17.756641] systemd[1]: Started Create list of required static device nodes for the current kernel.
[[0;32m  OK  [0m] Started Create list of required sta...ce nodes for the current kernel.
[   17.764484] systemd[1]: Started Uncomplicated firewall.
[[0;32m  OK  [0m] Started Uncomplicated firewall.
[   17.983126] iscsi: registered transport (iser)
[   18.056706] systemd[1]: Started Set console keymap.
[[0;32m  OK  [0m] Started Set console keymap.
[   18.193951] systemd[1]: Started Journal Service.
[[0;32m  OK  [0m] Started Journal Service.
[[0;32m  OK  [0m] Started Load Kernel Modules.
[[0;32m  OK  [0m] Started Nameserver information manager.
         Mounting FUSE Control File System...
         Starting Apply Kernel Variables...
[[0;32m  OK  [0m] Started LVM2 metadata daemon.
         Starting Create Static Device Nodes in /dev...
         Starting udev Coldplug all Devices...
         Starting Load/Save Random Seed...
         Starting Flush Journal to Persistent Storage...
[[0;32m  OK  [0m] Mounted FUSE Control File System.
[[0;32m  OK  [0m] Started Apply Kernel Variables.
[[0;32m  OK  [0m] Started Load/Save Random Seed.
[[0;32m  OK  [0m] Started Create Static Device Nodes in /dev.
[[0;32m  OK  [0m] Started Monitoring of LVM2 mirrors,...ng dmeventd or progress polling.
[[0;32m  OK  [0m] Reached target Local File Systems (Pre).
[[0;32m  OK  [0m] Reached target Local File Systems.
         Starting Initial cloud-init job (pre-networking)...
         Starting Set console font and keymap...
         Starting LSB: AppArmor initialization...
         Starting Tell Plymouth To Write Out Runtime Data...
         Starting Commit a transient machine-id on disk...
         Starting udev Kernel Device Manager...
[[0;32m  OK  [0m] Started udev Coldplug all Devices.
[[0;32m  OK  [0m] Started Commit a transient machine-id on disk.
[[0;32m  OK  [0m] Started Flush Journal to Persistent Storage.
         Starting Create Volatile Files and Directories...
[[0;32m  OK  [0m] Started Tell Plymouth To Write Out Runtime Data.
[[0;32m  OK  [0m] Started Create Volatile Files and Directories.
         Starting Update UTMP about System Boot/Shutdown...
[[0;32m  OK  [0m] Started Update UTMP about System Boot/Shutdown.
[[0;32m  OK  [0m] Started udev Kernel Device Manager.
[[0;32m  OK  [0m] Started Dispatch Password Requests to Console Directory Watch.
[[0;32m  OK  [0m] Found device /dev/ttyS0.
[[0;32m  OK  [0m] Listening on Load/Save RF Kill Switch Status /dev/rfkill Watch.
[[0;32m  OK  [0m] Started LSB: AppArmor initialization.
[   34.217073] cloud-init[466]: Cloud-init v. 19.1-1-gbaa47854-0ubuntu1~16.04.1 running 'init-local' at Fri, 23 Aug 2019 17:05:37 +0000. Up 29.48 seconds.
[[0;32m  OK  [0m] Started Initial cloud-init job (pre-networking).
[[0;32m  OK  [0m] Reached target Network (Pre).
         Starting Raise network interfaces...
[[0;32m  OK  [0m] Started Set console font and keymap.
[[0;32m  OK  [0m] Created slice system-getty.slice.
[[0;32m  OK  [0m] Started Raise network interfaces.
         Starting Initial cloud-init job (metadata service crawler)...
[[0;32m  OK  [0m] Reached target Network.
[   46.504978] cloud-init[952]: Cloud-init v. 19.1-1-gbaa47854-0ubuntu1~16.04.1 running 'init' at Fri, 23 Aug 2019 17:05:50 +0000. Up 42.13 seconds.
[   46.517557] cloud-init[952]: ci-info: ++++++++++++++++++++++++++++++++++++++Net device info++++++++++++++++++++++++++++++++++++++
[   46.529660] cloud-init[952]: ci-info: +--------+------+----------------------------+---------------+--------+-------------------+
[   46.541316] cloud-init[952]: ci-info: | Device |  Up  |          Address           |      Mask     | Scope  |     Hw-Address    |
[   46.641621] cloud-init[952]: ci-info: +--------+------+----------------------------+---------------+--------+-------------------+
[   46.703783] cloud-init[952]: ci-info: | enp0s3 | True |         10.0.2.15          | 255.255.255.0 | global | 02:6a:5b:40:72:6f |
[   46.815801] cloud-init[952]: ci-info: | enp0s3 | True | fe80::6a:5bff:fe40:726f/64 |       .       |  link  | 02:6a:5b:40:72:6f |
[   46.826206] cloud-init[952]: ci-info: |   lo   | True |         127.0.0.1          |   255.0.0.0   |  host  |         .         |
[   46.844925] cloud-init[952]: ci-info: |   lo   | True |          ::1/128           |       .       |  host  |         .         |
[   46.926650] cloud-init[952]: ci-info: +--------+------+----------------------------+---------------+--------+-------------------+
[   46.948857] cloud-init[952]: ci-info: +++++++++++++++++++++++++++Route IPv4 info++++++++++++++++++++++++++++
[[0;32m  OK  [0m] Started Initial cloud-init job (metadata service crawler).
[[0;32m  OK  [0m] Reached target System Initialization.
[   46.954789] cloud-init[952]: ci-info: +-------+-------------+----------+---------------+-----------+-------+
[   47.109844] cloud-init[952]: ci-info: | Route | Destination | Gateway  |    Genmask    | Interface | Flags |
[   47.212517] cloud-init[952]: ci-info: +-------+-------------+----------+---------------+-----------+-------+
         Starting LXD - unix socket.
[   47.220000] cloud-init[952]: ci-info: |   0   |   0.0.0.0   | 10.0.2.2 |    0.0.0.0    |   enp0s3  |   UG  |
[   47.241363] cloud-init[952]: [[0;32m  OK  [0m] Started Daily apt download activities.ci-info: |   1   |   10.0.2.0  | 0.0.0.0  | 255.255.255.0 |   enp0s3  |   U   |
[[0;32m  OK  [0m] Started Daily Cleanup of Temporary Directories.
[   47.258492] cloud-init[952]: ci-info: +-------+-------------+----------+---------------+-----------+-------+
[[0;32m  OK  [0m] Listening on ACPID Listen Socket.
[[0;32m  OK  [0m
[   47.270876] cloud-init[952]: ] Listening on D-Bus System Message Bus Socket.
[[0;32m  OK  [0m] Started Daily apt upgrade and clean activities.ci-info: +++++++++++++++++++Route IPv6 info+++++++++++++++++++
[   47.278758] cloud-init[952]: ci-info: +-------+-------------+---------+-----------+-------+
[[0;32m  OK  [0m] Reached target Timers.

[   47.285442] cloud-init[952]: ci-info: | Route | Destination | Gateway | Interface | Flags |         Starting Socket activation for snappy daemon.

[   47.314710] cloud-init[952]: ci-info: +-------+-------------+---------+-----------+-------+
[   47.324723] cloud-init[952]: ci-info: |   0   |  fe80::/64  |    ::   |   enp0s3  |   U   |[[0;32m  OK  [0m] Started ACPI Events Check.
[   47.332982] cloud-init[952]: ci-info: |   4   |   ff00::/8  |    ::   |   enp0s3  |   U   |
[[0;32m  OK  [0m] Reached target Paths.

[   47.341052] cloud-init[952]: ci-info: +-------+-------------+---------+-----------+-------+[[0;32m  OK  [0m] Listening on UUID daemon activation socket.
[[0;32m  OK  [0m] Reached target Network is Online.
[   47.354865] cloud-init[952]: Generating public/private rsa key pair.
[   47.358767] cloud-init
[952]: Your identification has been saved in /etc/ssh/ssh_host_rsa_key.
[   47.372443] cloud-init[952]: Your public key has been saved in /etc/ssh/ssh_host_rsa_key.pub.
[   47.397335] cloud-init[952]: The key fingerprint is:
         Starting iSCSI initiator daemon (iscsid)...[   47.473323] cloud-init[952]: SHA256:/T6205oTdg4V9Zv1fJ6xaZn3p31Qfwmg2B8D8FhDS4g root@ubuntu-xenial
[[0;32m  OK  [0m] Reached target Cloud-config availability.

[   47.493448] cloud-init[952]: [[0;32m  OK  [0m] The key's randomart image is:
[   47.509952] cloud-init[952]: +---[RSA 2048]----+Listening on LXD - unix socket.
[[0;32m  OK  [0m] Listening on Socket activation for snappy daemon.
[[0;32m  OK  [0m] Reached target Sockets.
[[0;32m  OK  [0m] 
[   47.548573] cloud-init[952]: |      ..+=     ..|
[   47.550165] cloud-init[952]: |     E .=.o.  . .|
[   47.551249] cloud-init[952]: |       .ooo .  .o|
[   47.551544] cloud-init[952]: |       . + o ...*|
Reached target Basic System.
[   47.551868] cloud-init[952]: |        S o o..=*|
[   47.577380] cloud-init[952]: |           o+ oo@|
[[0;32m  OK  [0m] Started FUSE filesystem for LXC.
[   47.586097] cloud-init[952]: |           ..* O+|         Starting /etc/rc.local Compatibility...
[   47.682296] cloud-init[952]: 
|           .=.+.=|
[   47.697621] cloud-init[952]: |           .=*..=|
         Starting Pollinate to seed the pseudo random number generator...
[   47.881425] cloud-init[952]: +----[SHA256]-----+
[   47.949432] cloud-init[952]: Generating public/private dsa key pair.
[   48.088825] cloud-init[952]: Your identification has been saved in /etc/ssh/ssh_host_dsa_key.[[0;32m  OK  [0m] Started ACPI event daemon.

[   48.142408] cloud-init[952]: Your public key has been saved in /etc/ssh/ssh_host_dsa_key.pub.
[   48.142887] cloud-init[952]: The key fingerprint is:
[   48.143108] cloud-init[952]: SHA256:8QJAKDY/E1FPbu0fbn0WiYbEqOrlnYpw8pfe3LyJzr4 root@ubuntu-xenial
[   48.143320] cloud-init[952]: The key's randomart image is:
[   48.143533] cloud-init[952]: +---[DSA 1024]----+
[   48.143754] cloud-init[952]: |   +=. .         |
[   48.144024] cloud-init[952]: |.o.. .+ . o      |
[   48.144244] cloud-init[952]: |..o . .+.o o     |
[   48.144455] cloud-init[952]: |   +  ..oo. . . .|
[   48.148109] cloud-init[952]: |    o  .S..o o o |
[   48.148341] cloud-init[952]: |      .  .o +   .|
[   48.148558] cloud-init[952]: |   o o ..  + . o |
[   48.152770] cloud-init[952]: |    * +o= * . o  |
[   48.153033] cloud-init[952]: |     +o++E.=.    |
[   48.153250] cloud-init[952]: +----[SHA256]-----+
[   48.153854] cloud-init[952]: Generating public/private ecdsa key pair.
[   48.154511] cloud-init[952]: Your identification has been saved in /etc/ssh/ssh_host_ecdsa_key.
[   48.154762] cloud-init[952]: Your public key has been saved in /etc/ssh/ssh_host_ecdsa_key.pub.
[   48.155097] cloud-init[952]: The key fingerprint is:
[   48.155311] cloud-init[952]: SHA256:M8/L4BT3uh8iyGRrP6Wmuw+lKxs1cheqLwknrkbZFFc root@ubuntu-xenial
[   48.155525] cloud-init[952]: The key's randomart image is:
[   48.155736] cloud-init[952]: +---[ECDSA 256]---+
[   48.156098] cloud-init[952]: |      .E         |
[   48.156566] cloud-init[952]: |   . .           |
[   48.156830] cloud-init[952]: |    o   .        |
[   48.157047] cloud-init[952]: |   .   . .       |
[   48.157258] cloud-init[952]: |  + . B S .      |
[   48.157469] cloud-init[952]: | oo..O B B..     |
[   48.157679] cloud-init[952]: |.. +o.B +o+ o    |
[   48.157904] cloud-init[952]: | .. ++ *++ + .   |
[   48.158127] cloud-init[952]: |o.  .+**+.=o.    |
[   48.158401] cloud-init[952]: +----[SHA256]-----+
[   48.158648] cloud-init[952]: Generating public/private ed25519 key pair.
[   48.158898] cloud-init[952]: Your identification has been saved in /etc/ssh/ssh_host_ed25519_key.
[   48.159182] cloud-init[952]: Your public key has been saved in /etc/ssh/ssh_host_ed25519_key.pub.
[   48.159473] cloud-init[952]: The key fingerprint is:
[   48.159729] cloud-init[952]: SHA256:FyYW3fEPtrZ2Pb4OLJwAr/PI0ectlo8TOhwfxGqH7XQ root@ubuntu-xenial
[   48.159951] cloud-init[952]: The key's randomart image is:
[   48.160161] cloud-init[952]: +--[ED25519 256]--+
[   48.160383] cloud-init[952]: |        .. ...   |
[   48.160594] cloud-init[952]: |         .. ..   |
[   48.160809] cloud-init[952]: |       .o +   +  |
[   48.161028] cloud-init[952]: |       .oo + . + |
[   48.161239] cloud-init[952]: |        So*   o .|
[   48.161448] cloud-init[952]: |        o*o*oE ..|
[   48.161671] cloud-init[952]: |       +o.B==oo.o|
[   48.161882] cloud-init[952]: |      . =+oB+.o..|
[   48.163240] cloud-init[952]: |       o .oo+o.+.|
[   48.163459] cloud-init[952]: +----[SHA256]-----+
         Starting LSB: MD monitoring daemon...
[[0;32m  OK  [0m] Started Deferred execution scheduler.
         Starting Snappy daemon...
         Starting Login Service...
         Starting LSB: Record successful boot for GRUB...
         Starting LXD - container startup/shutdown...
         Starting System Logging Service...
         Starting Accounts Service...
         Starting Virtualbox guest utils...
[[0;32m  OK  [0m] Started D-Bus System Message Bus.
[[0;32m  OK  [0m] Started Regular background program processing daemon.
[[0;32m  OK  [0m] Started System Logging Service.
[[0;32m  OK  [0m] Started /etc/rc.local Compatibility.
[[0;32m  OK  [0m] Started iSCSI initiator daemon (iscsid).
         Starting Login to default iSCSI targets...
[[0;32m  OK  [0m] Started Login Service.
         Starting Authenticate and Authorize Users to Run Privileged Tasks...
[[0;32m  OK  [0m] Started Unattended Upgrades Shutdown.
[[0;32m  OK  [0m] Started LSB: Record successful boot for GRUB.
[[0;32m  OK  [0m] Started LXD - container startup/shutdown.
[[0;32m  OK  [0m] Started Authenticate and Authorize Users to Run Privileged Tasks.
[[0;32m  OK  [0m] Started Accounts Service.
[[0;32m  OK  [0m] Started LSB: MD monitoring daemon.
[[0;32m  OK  [0m] Started Login to default iSCSI targets.
[[0;32m  OK  [0m] Reached target Remote File Systems (Pre).
[[0;32m  OK  [0m] Reached target Remote File Systems.
         Starting Permit User Sessions...
         Starting LSB: automatic crash report generation...
         Starting LSB: Set the CPU Frequency Scaling governor to "ondemand"...
         Starting LSB: daemon to balance interrupts for SMP systems...
[[0;32m  OK  [0m] Started Permit User Sessions.
         Starting Terminate Plymouth Boot Screen...
         Starting Hold until boot process finishes up...
[[0;32m  OK  [0m] Started Terminate Plymouth Boot Screen.
[[0;32m  OK  [0m] Started Hold until boot process finishes up.
         Starting Set console scheme...
[[0;32m  OK  [0m] Started Getty on tty1.
[[0;32m  OK  [0m] Started Serial Getty on ttyS0.
[[0;32m  OK  [0m] Reached target Login Prompts.
[[0;32m  OK  [0m] Started Pollinate to seed the pseudo random number generator.
[[0;32m  OK  [0m] Started Set console scheme.
         Starting OpenBSD Secure Shell server...
[[0;32m  OK  [0m] Started LSB: Set the CPU Frequency Scaling governor to "ondemand".
[[0;32m  OK  [0m] Started LSB: automatic crash report generation.
[[0;32m  OK  [0m] Started LSB: daemon to balance interrupts for SMP systems.
[[0;32m  OK  [0m] Started Virtualbox guest utils.
[[0;32m  OK  [0m] Started OpenBSD Secure Shell server.
[[0;32m  OK  [0m] Started Snappy daemon.
         Starting Wait until snapd is fully seeded...
[[0;32m  OK  [0m] Created slice User Slice of vagrant.
         Starting User Manager for UID 1000...
[[0;32m  OK  [0m] Started Session 1 of user vagrant.
[[0;32m  OK  [0m] Started User Manager for UID 1000.

Ubuntu 16.04.6 LTS ubuntu-xenial ttyS0

ubuntu-xenial login: [   65.866152] cloud-init[1390]: Generating locales (this might take a while)...
[   73.144873] cloud-init[1390]:   en_US.UTF-8... done
[   73.151219] cloud-init[1390]: Generation complete.
[   77.058221] cloud-init[1390]: Cloud-init v. 19.1-1-gbaa47854-0ubuntu1~16.04.1 running 'modules:config' at Fri, 23 Aug 2019 17:06:13 +0000. Up 64.52 seconds.
ci-info: no authorized ssh keys fingerprints found for user ubuntu.
<14>Aug 23 17:06:28 ec2: 
<14>Aug 23 17:06:28 ec2: #############################################################
<14>Aug 23 17:06:28 ec2: -----BEGIN SSH HOST KEY FINGERPRINTS-----
<14>Aug 23 17:06:28 ec2: 1024 SHA256:8QJAKDY/E1FPbu0fbn0WiYbEqOrlnYpw8pfe3LyJzr4 root@ubuntu-xenial (DSA)
<14>Aug 23 17:06:28 ec2: 256 SHA256:M8/L4BT3uh8iyGRrP6Wmuw+lKxs1cheqLwknrkbZFFc root@ubuntu-xenial (ECDSA)
<14>Aug 23 17:06:28 ec2: 256 SHA256:FyYW3fEPtrZ2Pb4OLJwAr/PI0ectlo8TOhwfxGqH7XQ root@ubuntu-xenial (ED25519)
<14>Aug 23 17:06:28 ec2: 2048 SHA256:/T6205oTdg4V9Zv1fJ6xaZn3p31Qfwmg2B8D8FhDS4g root@ubuntu-xenial (RSA)
<14>Aug 23 17:06:28 ec2: -----END SSH HOST KEY FINGERPRINTS-----
<14>Aug 23 17:06:28 ec2: #############################################################
-----BEGIN SSH HOST KEY KEYS-----
ecdsa-sha2-nistp256 AAAAE2VjZHNhLXNoYTItbmlzdHAyNTYAAAAIbmlzdHAyNTYAAABBBAR+vrKGD+YZQ6fgH1+jB/GUif2tZBm5qFBFjtScHR0cIxONsKnZ3INe9dF2WDOChZ854LOCUfKbhBi0+NWMIMI= root@ubuntu-xenial
ssh-ed25519 AAAAC3NzaC1lZDI1NTE5AAAAIJhsGfdz0BKb22MOiYQjJr5gzfRlVcH8iXRqoKoEtlci root@ubuntu-xenial
ssh-rsa AAAAB3NzaC1yc2EAAAADAQABAAABAQClBg9e6cRehSqnl6MzreWziVj2JqGBwq8YLrikNwHrqnecYOS6WTqjRQk0hJCdO4wevphm9t7DXByLPAZmPAVKXg/vwsBNbrwRha7BLJma1M8q3fhbNHBn7c5nRZOhKP0niVd6bxhA8e/Ts0NtgbV9wOvtwsxIHUVmmdIKPr5GJ8+yc6T2JOFPBMyVHd76LYBvPcErOpBdKn5JPgKHqKRxXqVn8VlMp/tdqcB/XAD/vGHPOA2x36y0Ja8foL5KdA3QODJF8ElCv3RNw6vzkdU4jAM18h9cs2j5JBxctcTb0DAOydlaFyfgCUGhZ1m20BW0kBDHRjE76hTMd7HLFEH9 root@ubuntu-xenial
-----END SSH HOST KEY KEYS-----
[   81.023347] cloud-init[1563]: Cloud-init v. 19.1-1-gbaa47854-0ubuntu1~16.04.1 running 'modules:final' at Fri, 23 Aug 2019 17:06:28 +0000. Up 79.77 seconds.
[   81.024471] cloud-init[1563]: ci-info: no authorized ssh keys fingerprints found for user ubuntu.
[   81.025078] cloud-init[1563]: Cloud-init v. 19.1-1-gbaa47854-0ubuntu1~16.04.1 finished at Fri, 23 Aug 2019 17:06:29 +0000. Datasource DataSourceNoCloud [seed=/dev/sdb][dsmode=net].  Up 80.86 seconds
